{"logTime": "0607/165729", "correlationVector":"9lQlCB+rmdsYdImxQbkBY+.1","action":"SyncServerConnectionManagerRequest", "result":"SYNC_SERVER_OK", "context":{"environment":"Prod_eastus2_prod-s01-050-nam-eastus2", "migrationStage":"NotStarted", "server":"akswtt11400000v"}}
{"logTime": "0607/165729", "correlationVector":"9lQlCB+rmdsYdImxQbkBY+.2","action":"ProcessGetUpdates", "result":"Done", "context":{"dataType":"Encryption Keys", "deleted":"0", "process_failed_to_decrypt":"0", "process_pending_decryption":"0", "process_success":"1", "total":"1"}}
{"logTime": "0607/165730", "correlationVector":"+wB669W2O0ht6DmCxTHXPH","action":"SyncServerConnectionManagerRequest", "result":"SYNC_SERVER_OK", "context":{"environment":"", "migrationStage":"", "server":""}}
{"logTime": "0607/165730", "correlationVector":"+wB669W2O0ht6DmCxTHXPH.0","action":"EncryptionKeysFetcher.DownloadKeys:", "result":"Success", "context":Key count: 10, Last key timestamp: 2026-05-09T02:27:24Z}
{"logTime": "0607/165730", "correlationVector":"+wB669W2O0ht6DmCxTHXPH.1","action":"EncryptionKeysManager::SetEncryptionKeys:", "result":"Success", "context":Key names[10]:[iSKPb2ohcTd8dl7fq0MDAI/dblK8yHNbkFwR//3f+YfRGXp/d2uBJo9makab8e2YdfvX+c+tH02lgh5CvRUEmQ==][D5Tem/hm/gtGXIm7CvC/KQe4dk7Mw/9zvix9uQUJ+bymDCkKPz3MV3ADG9vUwL9jIo2HzjQJkWlJgPu7yL69NQ==][KnYMipPOyV5ultQJdGW3ajDmtTa/+XMu7Wklgab7jNqq/Tyoa5pzclIAqN/WqYIGcAI5ts1DShnSlSZj2L5Tcg==][8lPs2u5t1U8lGoU27RR0xhluXg+I692zKMvexJt8r4/WKjC6vaTumNRyPPqpn/kE/SALEglQJIl9zd5XqRm21g==][hjs8//21JeC6zN4fQdSlZuThNFq1ZivhuSyBCkfS5C4HTtqL7Y4DWvozutXKma99USpRZB6p56D0aT96Ey53Dw==][ZHD1MOq38/OaE4HjxAvncTPbasVKFuEbE5LKxKBodyqn7cZ7trsdNa0djBCxGAnQOV4Epcffvj7tmN5ZlpXxQw==][xy2U+1LSCandfcNAVydI+3tU62dVIg06tO/thcdq3wViO1f3cMr9gsa2uHK5cARh57QBKvrihtkD3t3VQYmZ9A==][YpZ5mE66MiyZuKp9fQYS9DpTD6tZIpDnHwnqOxnW3SrSOzrrzdVzH5ftQXqWWMEwcxnOda7B4gaSp6W2nBvMhA==][EywXZ8qfdLCmbyFmYgjvplFFVMyyNmMjdAlUWltAz1NjPu/PS+a0lU/2XmDD/Ut7R5N97PkABB9LUCro2ZjguA==][cJHoJvQi+AmB2QYmBPGBOvDpiwWxs0b4avgzZetBNSZh/paePV2bUb1Ip7JAWwdzxS9ytJEokprPhXcbRDWMrQ==]}
{"logTime": "0607/165730", "correlationVector":"+wB669W2O0ht6DmCxTHXPH.2","action":"EncryptionKeysManager::SetEncryptionKeysWithTimestamps:", "result":"Success", "context":Key timestamps[10]:[2021-09-23T23:15:41Z][2022-03-23T03:08:22Z][2022-09-19T15:28:21Z][2023-04-16T19:29:46Z][2023-10-15T00:42:29Z][2024-05-01T14:38:05Z][2024-11-03T20:34:32Z][2025-05-06T20:10:33Z][2025-11-08T15:30:36Z][2026-05-09T02:27:24Z]}
{"logTime": "0607/165730", "correlationVector":"9lQlCB+rmdsYdImxQbkBY+","action":"Initial GetUpdates", "result":"", "context":Reason: NEW_CLIENT. cV=9lQlCB+rmdsYdImxQbkBY+}
{"logTime": "0607/165730", "correlationVector":"9lQlCB+rmdsYdImxQbkBY+.3","action":"GetUpdates Response", "result":"Success", "context":Received 1 update(s). cV=9lQlCB+rmdsYdImxQbkBY+.0;server=akswtt11400000v;cloudType=Consumer;environment=Prod_eastus2_prod-s01-050-nam-eastus2;migrationStage=NotStarted}
{"logTime": "0607/165730", "correlationVector":"RlbC5FDLQYXRDf0J3bzLfU","action":"Initial GetUpdates", "result":"", "context":Reason: NEWLY_SUPPORTED_DATATYPE. cV=RlbC5FDLQYXRDf0J3bzLfU}
{"logTime": "0607/165731", "correlationVector":"RlbC5FDLQYXRDf0J3bzLfU.1","action":"SyncServerConnectionManagerRequest", "result":"SYNC_SERVER_OK", "context":{"environment":"Prod_eastus2_prod-s01-050-nam-eastus2", "migrationStage":"NotStarted", "server":"akswtt11400002k"}}
{"logTime": "0607/165731", "correlationVector":"RlbC5FDLQYXRDf0J3bzLfU.2","action":"ProcessGetUpdates", "result":"Done", "context":{"dataType":"Preferences", "deleted":"0", "process_failed_to_decrypt":"0", "process_pending_decryption":"0", "process_success":"133", "total":"133"}}
{"logTime": "0607/165731", "correlationVector":"RlbC5FDLQYXRDf0J3bzLfU.3","action":"ProcessGetUpdates", "result":"Done", "context":{"dataType":"Passwords", "deleted":"0", "process_failed_to_decrypt":"0", "process_pending_decryption":"0", "process_success":"56", "total":"56"}}
{"logTime": "0607/165731", "correlationVector":"RlbC5FDLQYXRDf0J3bzLfU.4","action":"ProcessGetUpdates", "result":"Done", "context":{"dataType":"Device Info", "deleted":"0", "process_failed_to_decrypt":"0", "process_pending_decryption":"0", "process_success":"61", "total":"61"}}
{"logTime": "0607/165732", "correlationVector":"RlbC5FDLQYXRDf0J3bzLfU.5","action":"GetUpdates Response", "result":"Success", "context":Received 250 update(s). cV=RlbC5FDLQYXRDf0J3bzLfU.0;server=akswtt11400002k;cloudType=Consumer;environment=Prod_eastus2_prod-s01-050-nam-eastus2;migrationStage=NotStarted Some updates remain.}
{"logTime": "0607/165732", "correlationVector":"Lj0stRprZAIJe3FVQXzODo","action":"Initial GetUpdates", "result":"", "context":Reason: NEWLY_SUPPORTED_DATATYPE. cV=Lj0stRprZAIJe3FVQXzODo}
{"logTime": "0607/165732", "correlationVector":"Lj0stRprZAIJe3FVQXzODo.1","action":"SyncServerConnectionManagerRequest", "result":"SYNC_SERVER_OK", "context":{"environment":"Prod_eastus2_prod-s01-050-nam-eastus2", "migrationStage":"NotStarted", "server":"akswtt114000019"}}
{"logTime": "0607/165732", "correlationVector":"Lj0stRprZAIJe3FVQXzODo.2","action":"ProcessGetUpdates", "result":"Done", "context":{"dataType":"Preferences", "deleted":"0", "process_failed_to_decrypt":"0", "process_pending_decryption":"0", "process_success":"3", "total":"3"}}
{"logTime": "0607/165732", "correlationVector":"Lj0stRprZAIJe3FVQXzODo.3","action":"ProcessGetUpdates", "result":"Done", "context":{"dataType":"Passwords", "deleted":"0", "process_failed_to_decrypt":"0", "process_pending_decryption":"0", "process_success":"147", "total":"147"}}
{"logTime": "0607/165732", "correlationVector":"Lj0stRprZAIJe3FVQXzODo.4","action":"ProcessGetUpdates", "result":"Done", "context":{"dataType":"Device Info", "deleted":"0", "process_failed_to_decrypt":"0", "process_pending_decryption":"0", "process_success":"5", "total":"5"}}
{"logTime": "0607/165732", "correlationVector":"Lj0stRprZAIJe3FVQXzODo.5","action":"GetUpdates Response", "result":"Success", "context":Received 155 update(s). cV=Lj0stRprZAIJe3FVQXzODo.0;server=akswtt114000019;cloudType=Consumer;environment=Prod_eastus2_prod-s01-050-nam-eastus2;migrationStage=NotStarted}
{"logTime": "0607/165732", "correlationVector":"8bcqp4+OclLKvFXnbWzxqF","action":"Initial GetUpdates", "result":"", "context":Reason: NEWLY_SUPPORTED_DATATYPE. cV=8bcqp4+OclLKvFXnbWzxqF}
{"logTime": "0607/165732", "correlationVector":"8bcqp4+OclLKvFXnbWzxqF.1","action":"SyncServerConnectionManagerRequest", "result":"SYNC_SERVER_OK", "context":{"environment":"Prod_eastus2_prod-s01-050-nam-eastus2", "migrationStage":"NotStarted", "server":"akswtt11400000i"}}
{"logTime": "0607/165732", "correlationVector":"8bcqp4+OclLKvFXnbWzxqF.2","action":"ProcessGetUpdates", "result":"Done", "context":{"dataType":"Bookmarks", "deleted":"0", "process_failed_to_decrypt":"0", "process_pending_decryption":"0", "process_success":"26", "total":"26"}}
{"logTime": "0607/165732", "correlationVector":"8bcqp4+OclLKvFXnbWzxqF.3","action":"GetUpdates Response", "result":"Success", "context":Received 26 update(s). cV=8bcqp4+OclLKvFXnbWzxqF.0;server=akswtt11400000i;cloudType=Consumer;environment=Prod_eastus2_prod-s01-050-nam-eastus2;migrationStage=NotStarted}
{"logTime": "0607/165733", "correlationVector":"vP34ODnVf6sCuh0hGdS9J+","action":"Initial GetUpdates", "result":"", "context":Reason: NEWLY_SUPPORTED_DATATYPE. cV=vP34ODnVf6sCuh0hGdS9J+}
{"logTime": "0607/165733", "correlationVector":"vP34ODnVf6sCuh0hGdS9J+.1","action":"SyncServerConnectionManagerRequest", "result":"SYNC_SERVER_OK", "context":{"environment":"Prod_eastus2_prod-s01-050-nam-eastus2", "migrationStage":"NotStarted", "server":"akswtt11400001b"}}
{"logTime": "0607/165733", "correlationVector":"vP34ODnVf6sCuh0hGdS9J+.2","action":"ProcessGetUpdates", "result":"Done", "context":{"dataType":"Autofill Profiles", "deleted":"0", "process_failed_to_decrypt":"0", "process_pending_decryption":"0", "process_success":"1", "total":"1"}}
{"logTime": "0607/165733", "correlationVector":"vP34ODnVf6sCuh0hGdS9J+.3","action":"ProcessGetUpdates", "result":"Done", "context":{"dataType":"Autofill", "deleted":"0", "process_failed_to_decrypt":"0", "process_pending_decryption":"0", "process_success":"136", "total":"136"}}
{"logTime": "0607/165733", "correlationVector":"vP34ODnVf6sCuh0hGdS9J+.4","action":"ProcessGetUpdates", "result":"Done", "context":{"dataType":"Extensions", "deleted":"0", "process_failed_to_decrypt":"0", "process_pending_decryption":"0", "process_success":"4", "total":"4"}}
{"logTime": "0607/165733", "correlationVector":"vP34ODnVf6sCuh0hGdS9J+.5","action":"ProcessGetUpdates", "result":"Done", "context":{"dataType":"Sessions", "deleted":"37", "process_failed_to_decrypt":"0", "process_pending_decryption":"0", "process_success":"43", "total":"43"}}
{"logTime": "0607/165733", "correlationVector":"vP34ODnVf6sCuh0hGdS9J+.6","action":"ProcessGetUpdates", "result":"Done", "context":{"dataType":"Extension settings", "deleted":"0", "process_failed_to_decrypt":"0", "process_pending_decryption":"0", "process_success":"1", "total":"1"}}
{"logTime": "0607/165733", "correlationVector":"vP34ODnVf6sCuh0hGdS9J+.7","action":"ProcessGetUpdates", "result":"Done", "context":{"dataType":"Web Apps", "deleted":"0", "process_failed_to_decrypt":"0", "process_pending_decryption":"0", "process_success":"3", "total":"3"}}
{"logTime": "0607/165733", "correlationVector":"vP34ODnVf6sCuh0hGdS9J+.8","action":"ProcessGetUpdates", "result":"Done", "context":{"dataType":"Edge Hub App Usage", "deleted":"4", "process_failed_to_decrypt":"0", "process_pending_decryption":"0", "process_success":"9", "total":"9"}}
{"logTime": "0607/165733", "correlationVector":"vP34ODnVf6sCuh0hGdS9J+.9","action":"GetUpdates Response", "result":"Success", "context":Received 197 update(s). cV=vP34ODnVf6sCuh0hGdS9J+.0;server=akswtt11400001b;cloudType=Consumer;environment=Prod_eastus2_prod-s01-050-nam-eastus2;migrationStage=NotStarted}
{"logTime": "0607/165733", "correlationVector":"ARmAJpIydXrz+4ZNF5JWnW","action":"Initial GetUpdates", "result":"", "context":Reason: NEWLY_SUPPORTED_DATATYPE. cV=ARmAJpIydXrz+4ZNF5JWnW}
{"logTime": "0607/165733", "correlationVector":"ARmAJpIydXrz+4ZNF5JWnW.1","action":"SyncServerConnectionManagerRequest", "result":"SYNC_SERVER_OK", "context":{"environment":"Prod_eastus2_prod-s01-050-nam-eastus2", "migrationStage":"NotStarted", "server":"akswtt114000014"}}
{"logTime": "0607/165733", "correlationVector":"ARmAJpIydXrz+4ZNF5JWnW.2","action":"ProcessGetUpdates", "result":"Done", "context":{"dataType":"History", "deleted":"0", "process_failed_to_decrypt":"0", "process_pending_decryption":"0", "process_success":"250", "total":"250"}}
{"logTime": "0607/165733", "correlationVector":"ARmAJpIydXrz+4ZNF5JWnW.3","action":"GetUpdates Response", "result":"Success", "context":Received 250 update(s). cV=ARmAJpIydXrz+4ZNF5JWnW.0;server=akswtt114000014;cloudType=Consumer;environment=Prod_eastus2_prod-s01-050-nam-eastus2;migrationStage=NotStarted Some updates remain.}
{"logTime": "0607/165733", "correlationVector":"vxwyOU6BOsReQxSdzd9GYC","action":"Initial GetUpdates", "result":"", "context":Reason: NEWLY_SUPPORTED_DATATYPE. cV=vxwyOU6BOsReQxSdzd9GYC}
{"logTime": "0607/165734", "correlationVector":"vxwyOU6BOsReQxSdzd9GYC.1","action":"SyncServerConnectionManagerRequest", "result":"SYNC_SERVER_OK", "context":{"environment":"Prod_eastus2_prod-s01-050-nam-eastus2", "migrationStage":"NotStarted", "server":"akswtt11400001b"}}
{"logTime": "0607/165734", "correlationVector":"vxwyOU6BOsReQxSdzd9GYC.2","action":"ProcessGetUpdates", "result":"Done", "context":{"dataType":"History", "deleted":"0", "process_failed_to_decrypt":"0", "process_pending_decryption":"0", "process_success":"250", "total":"250"}}
{"logTime": "0607/165734", "correlationVector":"vxwyOU6BOsReQxSdzd9GYC.3","action":"GetUpdates Response", "result":"Success", "context":Received 250 update(s). cV=vxwyOU6BOsReQxSdzd9GYC.0;server=akswtt11400001b;cloudType=Consumer;environment=Prod_eastus2_prod-s01-050-nam-eastus2;migrationStage=NotStarted Some updates remain.}
{"logTime": "0607/165734", "correlationVector":"MVjSYLGE1x0/syu8EO9zLa","action":"Initial GetUpdates", "result":"", "context":Reason: NEWLY_SUPPORTED_DATATYPE. cV=MVjSYLGE1x0/syu8EO9zLa}
{"logTime": "0607/165734", "correlationVector":"MVjSYLGE1x0/syu8EO9zLa.1","action":"SyncServerConnectionManagerRequest", "result":"SYNC_SERVER_OK", "context":{"environment":"Prod_eastus2_prod-s01-050-nam-eastus2", "migrationStage":"NotStarted", "server":"akswtt114000022"}}
{"logTime": "0607/165734", "correlationVector":"MVjSYLGE1x0/syu8EO9zLa.2","action":"ProcessGetUpdates", "result":"Done", "context":{"dataType":"History", "deleted":"0", "process_failed_to_decrypt":"0", "process_pending_decryption":"0", "process_success":"90", "total":"90"}}
{"logTime": "0607/165734", "correlationVector":"MVjSYLGE1x0/syu8EO9zLa.3","action":"GetUpdates Response", "result":"Success", "context":Received 90 update(s). cV=MVjSYLGE1x0/syu8EO9zLa.0;server=akswtt114000022;cloudType=Consumer;environment=Prod_eastus2_prod-s01-050-nam-eastus2;migrationStage=NotStarted}
{"logTime": "0607/165734", "correlationVector":"PngWmuBHwNP7OyqLPNkyc3","action":"Normal GetUpdate request", "result":"", "context":cV=PngWmuBHwNP7OyqLPNkyc3
Nudged types: Preferences, Sessions, Device Info, User Consents
Refresh requested types: Bookmarks, Preferences, Passwords, Autofill Profiles, Autofill, Extensions, Sessions, Extension settings, History Delete Directives, Device Info, User Consents, Send Tab To Self, Web Apps, History, Saved Tab Group, WebAuthn Credentials, Edge E Drop, Edge Hub App Usage, Edge Wallet, Edge Workspace, Encryption Keys}
{"logTime": "0607/165734", "correlationVector":"PngWmuBHwNP7OyqLPNkyc3.1","action":"SyncServerConnectionManagerRequest", "result":"SYNC_SERVER_OK", "context":{"environment":"Prod_eastus2_prod-s01-050-nam-eastus2", "migrationStage":"NotStarted", "server":"akswtt11400001s"}}
{"logTime": "0607/165734", "correlationVector":"PngWmuBHwNP7OyqLPNkyc3.2","action":"GetUpdates Response", "result":"Success", "context":Received 0 update(s). cV=PngWmuBHwNP7OyqLPNkyc3.0;server=akswtt11400001s;cloudType=Consumer;environment=Prod_eastus2_prod-s01-050-nam-eastus2;migrationStage=NotStarted}
{"logTime": "0607/165734", "correlationVector":"o/l9flV5/Y8VpFsCRq7Q7d","action":"Commit Request", "result":"", "context":Item count: 5
Contributing types: Preferences, Sessions, Device Info, User Consents}
{"logTime": "0607/165735", "correlationVector":"o/l9flV5/Y8VpFsCRq7Q7d.1","action":"SyncServerConnectionManagerRequest", "result":"SYNC_SERVER_OK", "context":{"environment":"Prod_eastus2_prod-s01-050-nam-eastus2", "migrationStage":"NotStarted", "server":"akswtt11400000g"}}
{"logTime": "0607/165735", "correlationVector":"o/l9flV5/Y8VpFsCRq7Q7d.2","action":"Commit Response", "result":"Success", "context":Result: Success. cV=o/l9flV5/Y8VpFsCRq7Q7d.0;server=akswtt11400000g;cloudType=Consumer;environment=Prod_eastus2_prod-s01-050-nam-eastus2;migrationStage=NotStarted}
{"logTime": "0607/170349", "correlationVector":"5Mg6T6DCnm7ypVzJfkUFmr","action":"Normal GetUpdate request", "result":"", "context":cV=5Mg6T6DCnm7ypVzJfkUFmr
Nudged types: Preferences, Sessions
Refresh requested types: Bookmarks, Preferences, Passwords, Autofill Profiles, Autofill, Extensions, Sessions, Extension settings, History Delete Directives, Device Info, User Consents, Send Tab To Self, Web Apps, History, Saved Tab Group, WebAuthn Credentials, Edge E Drop, Edge Hub App Usage, Edge Wallet, Edge Workspace, Encryption Keys}
{"logTime": "0607/170350", "correlationVector":"5Mg6T6DCnm7ypVzJfkUFmr.1","action":"SyncServerConnectionManagerRequest", "result":"SYNC_SERVER_OK", "context":{"environment":"Prod_eastus2_prod-s01-050-nam-eastus2", "migrationStage":"NotStarted", "server":"akswtt114000003"}}
{"logTime": "0607/170350", "correlationVector":"5Mg6T6DCnm7ypVzJfkUFmr.2","action":"ProcessGetUpdates", "result":"Done", "context":{"dataType":"Preferences", "deleted":"0", "process_failed_to_decrypt":"0", "process_pending_decryption":"0", "process_success":"1", "total":"1"}}
{"logTime": "0607/170350", "correlationVector":"5Mg6T6DCnm7ypVzJfkUFmr.3","action":"ProcessGetUpdates", "result":"Done", "context":{"dataType":"Sessions", "deleted":"0", "process_failed_to_decrypt":"0", "process_pending_decryption":"0", "process_success":"2", "total":"2"}}
{"logTime": "0607/170350", "correlationVector":"5Mg6T6DCnm7ypVzJfkUFmr.4","action":"ProcessGetUpdates", "result":"Done", "context":{"dataType":"Device Info", "deleted":"0", "process_failed_to_decrypt":"0", "process_pending_decryption":"0", "process_success":"1", "total":"1"}}
{"logTime": "0607/170350", "correlationVector":"5Mg6T6DCnm7ypVzJfkUFmr.5","action":"GetUpdates Response", "result":"Success", "context":Received 4 update(s). cV=5Mg6T6DCnm7ypVzJfkUFmr.0;server=akswtt114000003;cloudType=Consumer;environment=Prod_eastus2_prod-s01-050-nam-eastus2;migrationStage=NotStarted}
{"logTime": "0607/170350", "correlationVector":"RPfdA1rDRNVaEq8JX1nhcy","action":"Commit Request", "result":"", "context":Item count: 3
Contributing types: Preferences, Sessions}
{"logTime": "0607/170351", "correlationVector":"RPfdA1rDRNVaEq8JX1nhcy.1","action":"SyncServerConnectionManagerRequest", "result":"SYNC_SERVER_OK", "context":{"environment":"Prod_eastus2_prod-s01-050-nam-eastus2", "migrationStage":"NotStarted", "server":"akswtt114000003"}}
{"logTime": "0607/170351", "correlationVector":"RPfdA1rDRNVaEq8JX1nhcy.2","action":"Commit Response", "result":"Success", "context":Result: Success. cV=RPfdA1rDRNVaEq8JX1nhcy.0;server=akswtt114000003;cloudType=Consumer;environment=Prod_eastus2_prod-s01-050-nam-eastus2;migrationStage=NotStarted}
{"logTime": "0607/170406", "correlationVector":"uSXfyVDcINCe6kmhHVLAMH","action":"Commit Request", "result":"", "context":Item count: 1
Contributing types: Extensions}
{"logTime": "0607/170407", "correlationVector":"uSXfyVDcINCe6kmhHVLAMH.1","action":"SyncServerConnectionManagerRequest", "result":"SYNC_SERVER_OK", "context":{"environment":"Prod_eastus2_prod-s01-050-nam-eastus2", "migrationStage":"NotStarted", "server":"akswtt11400000v"}}
{"logTime": "0607/170407", "correlationVector":"uSXfyVDcINCe6kmhHVLAMH.2","action":"Commit Response", "result":"Success", "context":Result: Success. cV=uSXfyVDcINCe6kmhHVLAMH.0;server=akswtt11400000v;cloudType=Consumer;environment=Prod_eastus2_prod-s01-050-nam-eastus2;migrationStage=NotStarted}
{"logTime": "0607/170421", "correlationVector":"G4ZTGsYMyWojYds6y4S2RH","action":"Commit Request", "result":"", "context":Item count: 1
Contributing types: Extensions}
{"logTime": "0607/170421", "correlationVector":"G4ZTGsYMyWojYds6y4S2RH.1","action":"SyncServerConnectionManagerRequest", "result":"SYNC_SERVER_OK", "context":{"environment":"Prod_eastus2_prod-s01-050-nam-eastus2", "migrationStage":"NotStarted", "server":"akswtt11400001o"}}
{"logTime": "0607/170421", "correlationVector":"G4ZTGsYMyWojYds6y4S2RH.2","action":"Commit Response", "result":"Success", "context":Result: Success. cV=G4ZTGsYMyWojYds6y4S2RH.0;server=akswtt11400001o;cloudType=Consumer;environment=Prod_eastus2_prod-s01-050-nam-eastus2;migrationStage=NotStarted}
{"logTime": "0607/170449", "correlationVector":"dwJI/WxZdwX64Dv1IoUL8k","action":"Commit Request", "result":"", "context":Item count: 40
Contributing types: Passwords}
{"logTime": "0607/170450", "correlationVector":"dwJI/WxZdwX64Dv1IoUL8k.1","action":"SyncServerConnectionManagerRequest", "result":"SYNC_SERVER_OK", "context":{"environment":"Prod_eastus2_prod-s01-050-nam-eastus2", "migrationStage":"NotStarted", "server":"akswtt11400000h"}}
{"logTime": "0607/170450", "correlationVector":"dwJI/WxZdwX64Dv1IoUL8k.2","action":"Commit Response", "result":"Success", "context":Result: Success. cV=dwJI/WxZdwX64Dv1IoUL8k.0;server=akswtt11400000h;cloudType=Consumer;environment=Prod_eastus2_prod-s01-050-nam-eastus2;migrationStage=NotStarted}
{"logTime": "0607/170450", "correlationVector":"j8TNK5dEUcj54kYH6Fwp2z","action":"Commit Request", "result":"", "context":Item count: 40
Contributing types: Passwords}
{"logTime": "0607/170452", "correlationVector":"j8TNK5dEUcj54kYH6Fwp2z.1","action":"SyncServerConnectionManagerRequest", "result":"SYNC_SERVER_OK", "context":{"environment":"Prod_eastus2_prod-s01-050-nam-eastus2", "migrationStage":"NotStarted", "server":"akswtt11400001z"}}
{"logTime": "0607/170452", "correlationVector":"j8TNK5dEUcj54kYH6Fwp2z.2","action":"Commit Response", "result":"Success", "context":Result: Success. cV=j8TNK5dEUcj54kYH6Fwp2z.0;server=akswtt11400001z;cloudType=Consumer;environment=Prod_eastus2_prod-s01-050-nam-eastus2;migrationStage=NotStarted}
{"logTime": "0607/170452", "correlationVector":"HIVFZ3Z9RbvcV+Kra7v9Eu","action":"Commit Request", "result":"", "context":Item count: 40
Contributing types: Passwords}
{"logTime": "0607/170453", "correlationVector":"HIVFZ3Z9RbvcV+Kra7v9Eu.1","action":"SyncServerConnectionManagerRequest", "result":"SYNC_SERVER_OK", "context":{"environment":"Prod_eastus2_prod-s01-050-nam-eastus2", "migrationStage":"NotStarted", "server":"akswtt11400000h"}}
{"logTime": "0607/170453", "correlationVector":"HIVFZ3Z9RbvcV+Kra7v9Eu.2","action":"Commit Response", "result":"Success", "context":Result: Success. cV=HIVFZ3Z9RbvcV+Kra7v9Eu.0;server=akswtt11400000h;cloudType=Consumer;environment=Prod_eastus2_prod-s01-050-nam-eastus2;migrationStage=NotStarted}
{"logTime": "0607/170453", "correlationVector":"1+DldwQh1infKdxAi+EURj","action":"Commit Request", "result":"", "context":Item count: 22
Contributing types: Passwords}
{"logTime": "0607/170454", "correlationVector":"1+DldwQh1infKdxAi+EURj.1","action":"SyncServerConnectionManagerRequest", "result":"SYNC_SERVER_OK", "context":{"environment":"Prod_eastus2_prod-s01-050-nam-eastus2", "migrationStage":"NotStarted", "server":"akswtt11400001o"}}
{"logTime": "0607/170454", "correlationVector":"1+DldwQh1infKdxAi+EURj.2","action":"Commit Response", "result":"Success", "context":Result: Success. cV=1+DldwQh1infKdxAi+EURj.0;server=akswtt11400001o;cloudType=Consumer;environment=Prod_eastus2_prod-s01-050-nam-eastus2;migrationStage=NotStarted}
{"logTime": "0607/171248", "correlationVector":"F+fQ1LW1WDtNeDWfOSyGQO","action":"Normal GetUpdate request", "result":"", "context":cV=F+fQ1LW1WDtNeDWfOSyGQO
Nudged types: Preferences, Sessions
Refresh requested types: Bookmarks, Preferences, Passwords, Autofill Profiles, Autofill, Extensions, Sessions, Extension settings, History Delete Directives, Device Info, User Consents, Send Tab To Self, Web Apps, History, Saved Tab Group, WebAuthn Credentials, Edge E Drop, Edge Hub App Usage, Edge Wallet, Edge Workspace, Encryption Keys}
{"logTime": "0607/171249", "correlationVector":"F+fQ1LW1WDtNeDWfOSyGQO.1","action":"SyncServerConnectionManagerRequest", "result":"SYNC_SERVER_OK", "context":{"environment":"Prod_eastus2_prod-s01-050-nam-eastus2", "migrationStage":"NotStarted", "server":"akswtt11400000e"}}
{"logTime": "0607/171249", "correlationVector":"F+fQ1LW1WDtNeDWfOSyGQO.2","action":"ProcessGetUpdates", "result":"Done", "context":{"dataType":"Preferences", "deleted":"0", "process_failed_to_decrypt":"0", "process_pending_decryption":"0", "process_success":"1", "total":"1"}}
{"logTime": "0607/171249", "correlationVector":"F+fQ1LW1WDtNeDWfOSyGQO.3","action":"ProcessGetUpdates", "result":"Done", "context":{"dataType":"Passwords", "deleted":"0", "process_failed_to_decrypt":"0", "process_pending_decryption":"0", "process_success":"142", "total":"142"}}
{"logTime": "0607/171249", "correlationVector":"F+fQ1LW1WDtNeDWfOSyGQO.4","action":"ProcessGetUpdates", "result":"Done", "context":{"dataType":"Extensions", "deleted":"0", "process_failed_to_decrypt":"0", "process_pending_decryption":"0", "process_success":"2", "total":"2"}}
{"logTime": "0607/171249", "correlationVector":"F+fQ1LW1WDtNeDWfOSyGQO.5","action":"ProcessGetUpdates", "result":"Done", "context":{"dataType":"Sessions", "deleted":"0", "process_failed_to_decrypt":"0", "process_pending_decryption":"0", "process_success":"2", "total":"2"}}
{"logTime": "0607/171249", "correlationVector":"F+fQ1LW1WDtNeDWfOSyGQO.6","action":"GetUpdates Response", "result":"Success", "context":Received 147 update(s). cV=F+fQ1LW1WDtNeDWfOSyGQO.0;server=akswtt11400000e;cloudType=Consumer;environment=Prod_eastus2_prod-s01-050-nam-eastus2;migrationStage=NotStarted}
{"logTime": "0607/171249", "correlationVector":"6MfcKjgRz2cQ2YQ2Bu3Ny/","action":"Commit Request", "result":"", "context":Item count: 3
Contributing types: Preferences, Sessions}
{"logTime": "0607/171249", "correlationVector":"6MfcKjgRz2cQ2YQ2Bu3Ny/.1","action":"SyncServerConnectionManagerRequest", "result":"SYNC_SERVER_OK", "context":{"environment":"Prod_eastus2_prod-s01-050-nam-eastus2", "migrationStage":"NotStarted", "server":"akswtt11400000j"}}
{"logTime": "0607/171249", "correlationVector":"6MfcKjgRz2cQ2YQ2Bu3Ny/.2","action":"Commit Response", "result":"Success", "context":Result: Success. cV=6MfcKjgRz2cQ2YQ2Bu3Ny/.0;server=akswtt11400000j;cloudType=Consumer;environment=Prod_eastus2_prod-s01-050-nam-eastus2;migrationStage=NotStarted}
{"logTime": "0607/171249", "correlationVector":"6MfcKjgRz2cQ2YQ2Bu3Ny/.3","action":"Commit.Sessions", "result":"Success", "context":{"id":"5f2cde8b-0963-40c7-9c06-7449c86924e1", "isDeleted":"true", "size":"0", "version":"1780851828807"}}
{"logTime": "0607/171303", "correlationVector":"okjHLzwNHGRFasc2uHybEA","action":"Commit Request", "result":"", "context":Item count: 4
Contributing types: Extensions, Sessions, History}
{"logTime": "0607/171304", "correlationVector":"okjHLzwNHGRFasc2uHybEA.1","action":"SyncServerConnectionManagerRequest", "result":"SYNC_SERVER_OK", "context":{"environment":"Prod_eastus2_prod-s01-050-nam-eastus2", "migrationStage":"NotStarted", "server":"akswtt11400001j"}}
{"logTime": "0607/171304", "correlationVector":"okjHLzwNHGRFasc2uHybEA.2","action":"Commit Response", "result":"Success", "context":Result: Success. cV=okjHLzwNHGRFasc2uHybEA.0;server=akswtt11400001j;cloudType=Consumer;environment=Prod_eastus2_prod-s01-050-nam-eastus2;migrationStage=NotStarted}
{"logTime": "0607/172002", "correlationVector":"tVVqLx8DcRLX9GKKJIHVdM","action":"Normal GetUpdate request", "result":"", "context":cV=tVVqLx8DcRLX9GKKJIHVdM
Nudged types: Sessions
Refresh requested types: Bookmarks, Preferences, Passwords, Autofill Profiles, Autofill, Extensions, Sessions, Extension settings, History Delete Directives, Device Info, User Consents, Send Tab To Self, Web Apps, History, Saved Tab Group, WebAuthn Credentials, Edge E Drop, Edge Hub App Usage, Edge Wallet, Edge Workspace, Encryption Keys}
{"logTime": "0607/172003", "correlationVector":"tVVqLx8DcRLX9GKKJIHVdM.1","action":"SyncServerConnectionManagerRequest", "result":"SYNC_SERVER_OK", "context":{"environment":"Prod_eastus2_prod-s01-050-nam-eastus2", "migrationStage":"NotStarted", "server":"akswtt114000017"}}
{"logTime": "0607/172003", "correlationVector":"tVVqLx8DcRLX9GKKJIHVdM.2","action":"ProcessGetUpdates", "result":"Done", "context":{"dataType":"Preferences", "deleted":"0", "process_failed_to_decrypt":"0", "process_pending_decryption":"0", "process_success":"1", "total":"1"}}
{"logTime": "0607/172003", "correlationVector":"tVVqLx8DcRLX9GKKJIHVdM.3","action":"ProcessGetUpdates", "result":"Done", "context":{"dataType":"Extensions", "deleted":"0", "process_failed_to_decrypt":"0", "process_pending_decryption":"0", "process_success":"1", "total":"1"}}
{"logTime": "0607/172003", "correlationVector":"tVVqLx8DcRLX9GKKJIHVdM.4","action":"ProcessGetUpdates", "result":"Done", "context":{"dataType":"Sessions", "deleted":"1", "process_failed_to_decrypt":"0", "process_pending_decryption":"0", "process_success":"3", "total":"3"}}
{"logTime": "0607/172003", "correlationVector":"tVVqLx8DcRLX9GKKJIHVdM.5","action":"ProcessGetUpdates", "result":"Done", "context":{"dataType":"History", "deleted":"0", "process_failed_to_decrypt":"0", "process_pending_decryption":"0", "process_success":"1", "total":"1"}}
{"logTime": "0607/172003", "correlationVector":"tVVqLx8DcRLX9GKKJIHVdM.6","action":"GetUpdates Response", "result":"Success", "context":Received 6 update(s). cV=tVVqLx8DcRLX9GKKJIHVdM.0;server=akswtt114000017;cloudType=Consumer;environment=Prod_eastus2_prod-s01-050-nam-eastus2;migrationStage=NotStarted}
{"logTime": "0607/172003", "correlationVector":"BFRI5njBLr2+d87ITOD9/2","action":"DoCompareDataConsistency requsted types: ", "result":"Bookmarks, Preferences, Passwords, Extensions, Extension settings, History Delete Directives, Send Tab To Self, Web Apps, History, Saved Tab Group, WebAuthn Credentials, Edge E Drop, Edge Wallet, Edge Workspace, Encryption Keys"}
{"logTime": "0607/172003", "correlationVector":"BFRI5njBLr2+d87ITOD9/2.0","action":"CompareDataConsistency result: ", "result":"Compare result: Encryption Keys is consistent. local entities count is: 1 local entities hash is: OVX/+HVXxc4LHXrv3m/coWkqdrw="}
{"logTime": "0607/172003", "correlationVector":"BFRI5njBLr2+d87ITOD9/2.1","action":"CompareDataConsistency result: ", "result":"Compare result: Bookmarks is consistent. local entities count is: 20 local entities hash is: a6BVrzBKsKFEmL3rkADMJsmW7AA="}
{"logTime": "0607/172003", "correlationVector":"BFRI5njBLr2+d87ITOD9/2.2","action":"CompareDataConsistency result: ", "result":"Compare result: Preferences is consistent. local entities count is: 136 local entities hash is: HAJf8+bxCVeIOrWWC8DEHVyGI4A="}
{"logTime": "0607/172003", "correlationVector":"BFRI5njBLr2+d87ITOD9/2.3","action":"CompareDataConsistency result: ", "result":"Compare result: Passwords is consistent. local entities count is: 203 local entities hash is: UDpSs/zlIT7Xw1uY9n8goHIoS2Y="}
{"logTime": "0607/172003", "correlationVector":"BFRI5njBLr2+d87ITOD9/2.4","action":"CompareDataConsistency result: ", "result":"Compare result: Extensions is consistent. local entities count is: 4 local entities hash is: SmeDFqmPJ/dx41FdeKCv9B2NC3w="}
{"logTime": "0607/172003", "correlationVector":"BFRI5njBLr2+d87ITOD9/2.5","action":"CompareDataConsistency result: ", "result":"Compare result: Extension settings is consistent. local entities count is: 1 local entities hash is: U+3G/BsYV4AIIy+5+94k2v+rNwY="}
{"logTime": "0607/172003", "correlationVector":"BFRI5njBLr2+d87ITOD9/2.6","action":"CompareDataConsistency result: ", "result":"Compare result: History Delete Directives is consistent. local entities count is: 0 local entities hash is: "}
{"logTime": "0607/172003", "correlationVector":"BFRI5njBLr2+d87ITOD9/2.7","action":"CompareDataConsistency result: ", "result":"Server did not send this Send Tab To Self local entities count is: 0 local entities hash is: "}
{"logTime": "0607/172003", "correlationVector":"BFRI5njBLr2+d87ITOD9/2.8","action":"CompareDataConsistency result: ", "result":"Compare result: Web Apps is consistent. local entities count is: 3 local entities hash is: db6qhzvBZOXBAxLzN3WTfQcAytQ="}
{"logTime": "0607/172003", "correlationVector":"BFRI5njBLr2+d87ITOD9/2.9","action":"CompareDataConsistency result: ", "result":"Server did not send this History local entities count is: 0 local entities hash is: "}
{"logTime": "0607/172003", "correlationVector":"BFRI5njBLr2+d87ITOD9/2.10","action":"CompareDataConsistency result: ", "result":"Compare result: Saved Tab Group is consistent. local entities count is: 0 local entities hash is: "}
{"logTime": "0607/172003", "correlationVector":"BFRI5njBLr2+d87ITOD9/2.11","action":"CompareDataConsistency result: ", "result":"Server did not send this WebAuthn Credentials local entities count is: 0 local entities hash is: "}
{"logTime": "0607/172003", "correlationVector":"BFRI5njBLr2+d87ITOD9/2.12","action":"CompareDataConsistency result: ", "result":"Compare result: Edge E Drop is consistent. local entities count is: 0 local entities hash is: "}
{"logTime": "0607/172003", "correlationVector":"BFRI5njBLr2+d87ITOD9/2.13","action":"CompareDataConsistency result: ", "result":"Compare result: Edge Wallet is consistent. local entities count is: 0 local entities hash is: "}
{"logTime": "0607/172003", "correlationVector":"BFRI5njBLr2+d87ITOD9/2.14","action":"CompareDataConsistency result: ", "result":"Server did not send this Edge Workspace local entities count is: 0 local entities hash is: "}
{"logTime": "0607/172003", "correlationVector":"X7SxZdvwMG7t4Jkp8Nltzn","action":"Commit Request", "result":"", "context":Item count: 1
Contributing types: Sessions}
{"logTime": "0607/172004", "correlationVector":"X7SxZdvwMG7t4Jkp8Nltzn.1","action":"SyncServerConnectionManagerRequest", "result":"SYNC_SERVER_OK", "context":{"environment":"Prod_eastus2_prod-s01-050-nam-eastus2", "migrationStage":"NotStarted", "server":"akswtt11400001z"}}
{"logTime": "0607/172004", "correlationVector":"X7SxZdvwMG7t4Jkp8Nltzn.2","action":"Commit Response", "result":"Success", "context":Result: Success. cV=X7SxZdvwMG7t4Jkp8Nltzn.0;server=akswtt11400001z;cloudType=Consumer;environment=Prod_eastus2_prod-s01-050-nam-eastus2;migrationStage=NotStarted}
{"logTime": "0607/172004", "correlationVector":"","action":"DIAGNOSTIC_REQUEST|v1/diagnosticData/Diagnostic.SendCheckResult()|SUCCESS", "result":""}
{"logTime": "0607/174055", "correlationVector":"mG+5K0yCm1nrxUM1cfc6Ge","action":"Normal GetUpdate request", "result":"", "context":cV=mG+5K0yCm1nrxUM1cfc6Ge
Nudged types: Preferences, Sessions
Refresh requested types: Bookmarks, Preferences, Passwords, Autofill Profiles, Autofill, Extensions, Sessions, Extension settings, History Delete Directives, Device Info, User Consents, Send Tab To Self, Web Apps, History, Saved Tab Group, WebAuthn Credentials, Edge E Drop, Edge Hub App Usage, Edge Wallet, Edge Workspace, Encryption Keys}
{"logTime": "0607/174057", "correlationVector":"mG+5K0yCm1nrxUM1cfc6Ge.1","action":"SyncServerConnectionManagerRequest", "result":"SYNC_SERVER_OK", "context":{"environment":"Prod_eastus2_prod-s01-050-nam-eastus2", "migrationStage":"NotStarted", "server":"akswtt11400001d"}}
{"logTime": "0607/174057", "correlationVector":"mG+5K0yCm1nrxUM1cfc6Ge.2","action":"ProcessGetUpdates", "result":"Done", "context":{"dataType":"Sessions", "deleted":"0", "process_failed_to_decrypt":"0", "process_pending_decryption":"0", "process_success":"1", "total":"1"}}
{"logTime": "0607/174057", "correlationVector":"mG+5K0yCm1nrxUM1cfc6Ge.3","action":"GetUpdates Response", "result":"Success", "context":Received 1 update(s). cV=mG+5K0yCm1nrxUM1cfc6Ge.0;server=akswtt11400001d;cloudType=Consumer;environment=Prod_eastus2_prod-s01-050-nam-eastus2;migrationStage=NotStarted}
{"logTime": "0607/174057", "correlationVector":"ZuFcBXbJfHfbh6jeNqUMa8","action":"Commit Request", "result":"", "context":Item count: 3
Contributing types: Preferences, Sessions}
{"logTime": "0607/174057", "correlationVector":"ZuFcBXbJfHfbh6jeNqUMa8.1","action":"SyncServerConnectionManagerRequest", "result":"SYNC_SERVER_OK", "context":{"environment":"Prod_eastus2_prod-s01-050-nam-eastus2", "migrationStage":"NotStarted", "server":"akswtt11400002k"}}
{"logTime": "0607/174057", "correlationVector":"ZuFcBXbJfHfbh6jeNqUMa8.2","action":"Commit Response", "result":"Success", "context":Result: Success. cV=ZuFcBXbJfHfbh6jeNqUMa8.0;server=akswtt11400002k;cloudType=Consumer;environment=Prod_eastus2_prod-s01-050-nam-eastus2;migrationStage=NotStarted}
{"logTime": "0607/174057", "correlationVector":"ZuFcBXbJfHfbh6jeNqUMa8.3","action":"Commit.Sessions", "result":"Success", "context":{"id":"44e80c0a-64e2-41c5-b9f0-d7cba73087ab", "isDeleted":"true", "size":"0", "version":"1780852381783"}}
