2026-06-07 16:57:27.359: [INFO][Sync] Reset engine, reason: 8
2026-06-07 16:57:27.359: [INFO][Sync] Stopped: Bookmarks
2026-06-07 16:57:27.359: [INFO][Sync] Stopped: Preferences
2026-06-07 16:57:27.359: [INFO][Sync] Stopped: Passwords
2026-06-07 16:57:27.359: [INFO][Sync] Stopped: Autofill Profiles
2026-06-07 16:57:27.359: [INFO][Sync] Stopped: Autofill
2026-06-07 16:57:27.359: [INFO][Sync] Stopped: Extensions
2026-06-07 16:57:27.359: [INFO][Sync] Stopped: Sessions
2026-06-07 16:57:27.359: [INFO][Sync] Stopped: Extension settings
2026-06-07 16:57:27.359: [INFO][Sync] Stopped: History Delete Directives
2026-06-07 16:57:27.359: [INFO][Sync] Stopped: Device Info
2026-06-07 16:57:27.359: [INFO][Sync] Stopped: User Consents
2026-06-07 16:57:27.359: [INFO][Sync] Stopped: Send Tab To Self
2026-06-07 16:57:27.359: [INFO][Sync] Stopped: Web Apps
2026-06-07 16:57:27.359: [INFO][Sync] Stopped: History
2026-06-07 16:57:27.359: [INFO][Sync] Stopped: Saved Tab Group
2026-06-07 16:57:27.359: [INFO][Sync] Stopped: WebAuthn Credentials
2026-06-07 16:57:27.359: [INFO][Sync] Stopped: Edge E Drop
2026-06-07 16:57:27.359: [INFO][Sync] Stopped: Edge Hub App Usage
2026-06-07 16:57:27.359: [INFO][Sync] Stopped: Edge Wallet
2026-06-07 16:57:27.359: [INFO][Sync] Stopped: Edge Workspace
2026-06-07 16:57:27.360: [INFO][Sync] SyncState after authenticated was: NotSignedIn
2026-06-07 16:57:27.675: [INFO][Sync] Reset engine, reason: 8
2026-06-07 16:57:27.675: [INFO][Sync] Stopped: Bookmarks
2026-06-07 16:57:27.675: [INFO][Sync] Stopped: Preferences
2026-06-07 16:57:27.675: [INFO][Sync] Stopped: Passwords
2026-06-07 16:57:27.675: [INFO][Sync] Stopped: Autofill Profiles
2026-06-07 16:57:27.675: [INFO][Sync] Stopped: Autofill
2026-06-07 16:57:27.675: [INFO][Sync] Stopped: Extensions
2026-06-07 16:57:27.675: [INFO][Sync] Stopped: Sessions
2026-06-07 16:57:27.675: [INFO][Sync] Stopped: Extension settings
2026-06-07 16:57:27.675: [INFO][Sync] Stopped: History Delete Directives
2026-06-07 16:57:27.675: [INFO][Sync] Stopped: Device Info
2026-06-07 16:57:27.675: [INFO][Sync] Stopped: User Consents
2026-06-07 16:57:27.675: [INFO][Sync] Stopped: Send Tab To Self
2026-06-07 16:57:27.675: [INFO][Sync] Stopped: Web Apps
2026-06-07 16:57:27.675: [INFO][Sync] Stopped: History
2026-06-07 16:57:27.675: [INFO][Sync] Stopped: Saved Tab Group
2026-06-07 16:57:27.675: [INFO][Sync] Stopped: WebAuthn Credentials
2026-06-07 16:57:27.675: [INFO][Sync] Stopped: Edge E Drop
2026-06-07 16:57:27.675: [INFO][Sync] Stopped: Edge Hub App Usage
2026-06-07 16:57:27.675: [INFO][Sync] Stopped: Edge Wallet
2026-06-07 16:57:27.675: [INFO][Sync] Stopped: Edge Workspace
2026-06-07 16:57:28.406: [INFO][Sync] Try to start sync engine
2026-06-07 16:57:28.407: [INFO][SyncManagerImpl::NudgeForInitialDownload] Initial download nudge for Encryption Keys
2026-06-07 16:57:28.407: [INFO][SyncEngineBackend::LoadAndConnectNigoriController] Load and connect Nigori controller
2026-06-07 16:57:28.407: [INFO][SyncEngineBackend::DoInitialize] Control Types added: Encryption Keys
2026-06-07 16:57:28.407: [INFO][SyncManagerImpl::ConfigureSyncer] Types to download: Encryption Keys with reason: 3
2026-06-07 16:57:28.407: [INFO][SyncSchedulerImpl::DoConfigurationSyncCycleJob] Configure job was blocked
2026-06-07 16:57:28.428: [INFO][SyncAuthManager::SetLastAuthError] Current auth error: None
2026-06-07 16:57:28.428: [INFO][SyncAuthManager::EdgeLogTokenErrorState] Token error with: None for account type: MSA
2026-06-07 16:57:28.428: [INFO][Sync] Credentials changed for: EdgeSyncScopeNew
2026-06-07 16:57:28.471: [INFO][SyncAuthManager::SetLastAuthError] Current auth error: None
2026-06-07 16:57:28.471: [INFO][SyncAuthManager::EdgeLogTokenErrorState] Token error with: None for account type: MSA
2026-06-07 16:57:28.471: [INFO][Sync] Credentials changed for: EdgeSyncKeyDataScope
2026-06-07 16:57:28.471: [INFO][SyncEngineBackend::DoUpdateKeyDataCredentials] Update key data credentials
2026-06-07 16:57:28.471: [INFO][SyncEngineBackend::DoUpdateCredentials] Update credentials
2026-06-07 16:57:28.472: [INFO][SyncSchedulerImpl::DoConfigurationSyncCycleJob] Blocked types:  and types to download: Encryption Keys
2026-06-07 16:57:29.169: [INFO][Sync] Started DataTypeManager configuration, reason: 4
2026-06-07 16:57:29.169: [INFO][Sync] Configuring for: Bookmarks, Preferences, Passwords, Autofill Profiles, Autofill, Extensions, Sessions, Extension settings, History Delete Directives, Device Info, User Consents, Send Tab To Self, Web Apps, History, Saved Tab Group, WebAuthn Credentials, Edge E Drop, Edge Hub App Usage, Edge Wallet, Edge Workspace, Encryption Keys, reason: 3, current state: 0
2026-06-07 16:57:29.169: [WARN][Sync] Crypto error data types: Passwords, Autofill Profiles, Autofill
2026-06-07 16:57:29.170: [INFO][Sync] Configure, desired: Bookmarks, Preferences, Extensions, Sessions, Extension settings, History Delete Directives, Device Info, User Consents, Send Tab To Self, Web Apps, History, Saved Tab Group, WebAuthn Credentials, Edge E Drop, Edge Hub App Usage, Edge Wallet, Edge Workspace, Encryption Keys; Allow fail: Passwords, Autofill Profiles, Autofill
2026-06-07 16:57:29.170: [INFO][Sync] Loading: Bookmarks
2026-06-07 16:57:29.170: [INFO][Sync] Loading: Preferences
2026-06-07 16:57:29.170: [INFO][Sync] Loading: Extensions
2026-06-07 16:57:29.170: [INFO][Sync] Loading: Sessions
2026-06-07 16:57:29.171: [INFO][Sync] Loading: Extension settings
2026-06-07 16:57:29.171: [INFO][Sync] Loading: History Delete Directives
2026-06-07 16:57:29.171: [INFO][Sync] Loading: Device Info
2026-06-07 16:57:29.171: [INFO][Sync] Loading: User Consents
2026-06-07 16:57:29.171: [INFO][Sync] Loading: Send Tab To Self
2026-06-07 16:57:29.171: [INFO][Sync] Loading: Web Apps
2026-06-07 16:57:29.171: [INFO][Sync] Loading: History
2026-06-07 16:57:29.171: [INFO][Sync] Loading: Saved Tab Group
2026-06-07 16:57:29.171: [INFO][Sync] Loading: WebAuthn Credentials
2026-06-07 16:57:29.171: [INFO][Sync] Loading: Edge E Drop
2026-06-07 16:57:29.171: [INFO][Sync] Loading: Edge Hub App Usage
2026-06-07 16:57:29.171: [INFO][Sync] Loading: Edge Wallet
2026-06-07 16:57:29.171: [INFO][Sync] Loading: Edge Workspace
2026-06-07 16:57:29.179: [INFO][Sync] All data types are ready for configure.
2026-06-07 16:57:30.967: [INFO][Sync] Started DataTypeManager configuration, reason: 5
2026-06-07 16:57:30.967: [INFO][Sync] Configuring for: Bookmarks, Preferences, Passwords, Autofill Profiles, Autofill, Extensions, Sessions, Extension settings, History Delete Directives, Device Info, User Consents, Send Tab To Self, Web Apps, History, Saved Tab Group, WebAuthn Credentials, Edge E Drop, Edge Hub App Usage, Edge Wallet, Edge Workspace, Encryption Keys, reason: 5, current state: 1
2026-06-07 16:57:30.974: [INFO][SyncEngineBackend::DoStartConfiguration] Start configuration
2026-06-07 16:57:30.974: [INFO][SyncManagerImpl::NudgeForInitialDownload] Initial download nudge for Bookmarks
2026-06-07 16:57:30.974: [INFO][SyncManagerImpl::NudgeForInitialDownload] Initial download nudge for Preferences
2026-06-07 16:57:30.974: [INFO][SyncManagerImpl::NudgeForInitialDownload] Initial download nudge for Extensions
2026-06-07 16:57:30.974: [INFO][SyncManagerImpl::NudgeForInitialDownload] Initial download nudge for Sessions
2026-06-07 16:57:30.974: [INFO][SyncManagerImpl::NudgeForInitialDownload] Initial download nudge for Extension settings
2026-06-07 16:57:30.974: [INFO][SyncManagerImpl::NudgeForInitialDownload] Initial download nudge for History Delete Directives
2026-06-07 16:57:30.974: [INFO][SyncManagerImpl::NudgeForInitialDownload] Initial download nudge for Device Info
2026-06-07 16:57:30.974: [INFO][SyncManagerImpl::NudgeForInitialDownload] Initial download nudge for Send Tab To Self
2026-06-07 16:57:30.974: [INFO][SyncManagerImpl::NudgeForInitialDownload] Initial download nudge for Web Apps
2026-06-07 16:57:30.974: [INFO][SyncManagerImpl::NudgeForInitialDownload] Initial download nudge for History
2026-06-07 16:57:30.974: [INFO][SyncManagerImpl::NudgeForInitialDownload] Initial download nudge for Saved Tab Group
2026-06-07 16:57:30.974: [INFO][SyncManagerImpl::NudgeForInitialDownload] Initial download nudge for WebAuthn Credentials
2026-06-07 16:57:30.974: [INFO][SyncManagerImpl::NudgeForInitialDownload] Initial download nudge for Edge E Drop
2026-06-07 16:57:30.974: [INFO][SyncManagerImpl::NudgeForInitialDownload] Initial download nudge for Edge Hub App Usage
2026-06-07 16:57:30.974: [INFO][SyncManagerImpl::NudgeForInitialDownload] Initial download nudge for Edge Wallet
2026-06-07 16:57:30.974: [INFO][SyncManagerImpl::NudgeForInitialDownload] Initial download nudge for Edge Workspace
2026-06-07 16:57:30.974: [INFO][SyncManagerImpl::ConfigureSyncer] Types to download:  with reason: 3
2026-06-07 16:57:30.974: [INFO][SyncEngineBackend::DoFinishConfigureDataTypes] Failed to download types:  and succeeded types: 
2026-06-07 16:57:30.975: [INFO][Sync] ConfigurationDone, failed: , succeeded: , remaining count: 4
2026-06-07 16:57:30.975: [WARN][Sync]     Reconfigure requested while configuration ongoing.
2026-06-07 16:57:30.975: [INFO][Sync] Configuring for: Bookmarks, Preferences, Passwords, Autofill Profiles, Autofill, Extensions, Sessions, Extension settings, History Delete Directives, Device Info, User Consents, Send Tab To Self, Web Apps, History, Saved Tab Group, WebAuthn Credentials, Edge E Drop, Edge Hub App Usage, Edge Wallet, Edge Workspace, Encryption Keys, reason: 5, current state: 2
2026-06-07 16:57:30.975: [INFO][Sync] Configure, desired: Bookmarks, Preferences, Passwords, Autofill Profiles, Autofill, Extensions, Sessions, Extension settings, History Delete Directives, Device Info, User Consents, Send Tab To Self, Web Apps, History, Saved Tab Group, WebAuthn Credentials, Edge E Drop, Edge Hub App Usage, Edge Wallet, Edge Workspace, Encryption Keys; Allow fail: 
2026-06-07 16:57:30.975: [INFO][Sync] Loading: Passwords
2026-06-07 16:57:30.975: [INFO][Sync] Loading: Autofill Profiles
2026-06-07 16:57:30.975: [INFO][Sync] Loading: Autofill
2026-06-07 16:57:30.975: [INFO][Sync] All data types are ready for configure.
2026-06-07 16:57:30.975: [INFO][SyncManagerImpl::NudgeForInitialDownload] Initial download nudge for Passwords
2026-06-07 16:57:30.975: [INFO][SyncManagerImpl::NudgeForInitialDownload] Initial download nudge for Autofill Profiles
2026-06-07 16:57:30.975: [INFO][SyncManagerImpl::NudgeForInitialDownload] Initial download nudge for Autofill
2026-06-07 16:57:30.975: [INFO][SyncManagerImpl::ConfigureSyncer] Types to download:  with reason: 5
2026-06-07 16:57:30.975: [INFO][SyncEngineBackend::DoFinishConfigureDataTypes] Failed to download types:  and succeeded types: 
2026-06-07 16:57:30.976: [INFO][Sync] ConfigurationDone, failed: , succeeded: , remaining count: 4
2026-06-07 16:57:30.976: [INFO][Sync] Prepare to configure types: Preferences, Passwords, Device Info, Send Tab To Self, Edge E Drop, Encryption Keys
2026-06-07 16:57:30.976: [INFO][SyncManagerImpl::ConfigureSyncer] Types to download: Preferences, Passwords, Device Info, Send Tab To Self, Edge E Drop, Encryption Keys with reason: 5
2026-06-07 16:57:30.976: [INFO][SyncSchedulerImpl::DoConfigurationSyncCycleJob] Blocked types:  and types to download: Preferences, Passwords, Device Info, Send Tab To Self, Edge E Drop, Encryption Keys
2026-06-07 16:57:32.448: [INFO][SyncEngineBackend::DoFinishConfigureDataTypes] Failed to download types:  and succeeded types: Preferences, Passwords, Device Info, Send Tab To Self, Edge E Drop, Encryption Keys
2026-06-07 16:57:32.495: [INFO][Sync] ConfigurationDone, failed: , succeeded: Preferences, Passwords, Device Info, Send Tab To Self, Edge E Drop, Encryption Keys, remaining count: 3
2026-06-07 16:57:32.495: [INFO][Sync] Prepare to configure types: Bookmarks, Encryption Keys
2026-06-07 16:57:32.495: [INFO][SyncManagerImpl::ConfigureSyncer] Types to download: Bookmarks, Encryption Keys with reason: 5
2026-06-07 16:57:32.495: [INFO][SyncSchedulerImpl::DoConfigurationSyncCycleJob] Blocked types:  and types to download: Bookmarks, Encryption Keys
2026-06-07 16:57:33.011: [INFO][SyncEngineBackend::DoFinishConfigureDataTypes] Failed to download types:  and succeeded types: Bookmarks, Encryption Keys
2026-06-07 16:57:33.028: [INFO][Sync] ConfigurationDone, failed: , succeeded: Bookmarks, Encryption Keys, remaining count: 2
2026-06-07 16:57:33.028: [INFO][Sync] Prepare to configure types: Autofill Profiles, Autofill, Extensions, Sessions, Extension settings, History Delete Directives, Web Apps, Saved Tab Group, WebAuthn Credentials, Edge Hub App Usage, Edge Wallet, Edge Workspace, Encryption Keys
2026-06-07 16:57:33.028: [INFO][SyncManagerImpl::ConfigureSyncer] Types to download: Autofill Profiles, Autofill, Extensions, Sessions, Extension settings, History Delete Directives, Web Apps, Saved Tab Group, WebAuthn Credentials, Edge Hub App Usage, Edge Wallet, Edge Workspace, Encryption Keys with reason: 5
2026-06-07 16:57:33.028: [INFO][SyncSchedulerImpl::DoConfigurationSyncCycleJob] Blocked types:  and types to download: Autofill Profiles, Autofill, Extensions, Sessions, Extension settings, History Delete Directives, Web Apps, Saved Tab Group, WebAuthn Credentials, Edge Hub App Usage, Edge Wallet, Edge Workspace, Encryption Keys
2026-06-07 16:57:33.366: [INFO][SyncEngineBackend::DoFinishConfigureDataTypes] Failed to download types:  and succeeded types: Autofill Profiles, Autofill, Extensions, Sessions, Extension settings, History Delete Directives, Web Apps, Saved Tab Group, WebAuthn Credentials, Edge Hub App Usage, Edge Wallet, Edge Workspace, Encryption Keys
2026-06-07 16:57:33.373: [INFO][Sync] ConfigurationDone, failed: , succeeded: Autofill Profiles, Autofill, Extensions, Sessions, Extension settings, History Delete Directives, Web Apps, Saved Tab Group, WebAuthn Credentials, Edge Hub App Usage, Edge Wallet, Edge Workspace, Encryption Keys, remaining count: 1
2026-06-07 16:57:33.374: [INFO][Sync] Prepare to configure types: History, Encryption Keys
2026-06-07 16:57:33.374: [INFO][SyncManagerImpl::ConfigureSyncer] Types to download: History, Encryption Keys with reason: 5
2026-06-07 16:57:33.374: [INFO][SyncSchedulerImpl::DoConfigurationSyncCycleJob] Blocked types:  and types to download: History, Encryption Keys
2026-06-07 16:57:34.662: [INFO][SyncEngineBackend::DoFinishConfigureDataTypes] Failed to download types:  and succeeded types: History, Encryption Keys
2026-06-07 16:57:34.664: [INFO][Sync] ConfigurationDone, failed: , succeeded: History, Encryption Keys, remaining count: 0
2026-06-07 16:57:34.665: [INFO][Sync]     Configuration completed, state: 7
2026-06-07 16:57:34.665: [INFO][Sync] Configured DataTypeManager: Ok
2026-06-07 16:57:34.667: [INFO][SyncEngineBackend::DoStartSyncing] Start syncing
2026-06-07 17:03:48.466: [INFO][Sync] SyncState after authenticated was: FeatureCanStart
2026-06-07 17:03:49.138: [INFO][Sync] Try to start sync engine
2026-06-07 17:03:49.144: [INFO][SyncAuthManager::SetLastAuthError] Current auth error: None
2026-06-07 17:03:49.144: [INFO][SyncAuthManager::EdgeLogTokenErrorState] Token error with: None for account type: MSA
2026-06-07 17:03:49.144: [INFO][Sync] Credentials changed for: EdgeSyncScopeNew
2026-06-07 17:03:49.145: [INFO][SyncEngineBackend::LoadAndConnectNigoriController] Load and connect Nigori controller
2026-06-07 17:03:49.145: [INFO][SyncEngineBackend::DoInitialize] Control Types added: 
2026-06-07 17:03:49.145: [INFO][SyncManagerImpl::ConfigureSyncer] Types to download:  with reason: 4
2026-06-07 17:03:49.148: [INFO][Sync] Started DataTypeManager configuration, reason: 4
2026-06-07 17:03:49.148: [INFO][Sync] Configuring for: Bookmarks, Preferences, Passwords, Autofill Profiles, Autofill, Extensions, Sessions, Extension settings, History Delete Directives, Device Info, User Consents, Send Tab To Self, Web Apps, History, Saved Tab Group, WebAuthn Credentials, Edge E Drop, Edge Hub App Usage, Edge Wallet, Edge Workspace, Encryption Keys, reason: 4, current state: 0
2026-06-07 17:03:49.148: [INFO][SyncEngineBackend::DoStartConfiguration] Start configuration
2026-06-07 17:03:49.149: [INFO][Sync] Configure, desired: Bookmarks, Preferences, Passwords, Autofill Profiles, Autofill, Extensions, Sessions, Extension settings, History Delete Directives, Device Info, User Consents, Send Tab To Self, Web Apps, History, Saved Tab Group, WebAuthn Credentials, Edge E Drop, Edge Hub App Usage, Edge Wallet, Edge Workspace, Encryption Keys; Allow fail: 
2026-06-07 17:03:49.149: [INFO][Sync] Loading: Bookmarks
2026-06-07 17:03:49.149: [INFO][Sync] Loading: Preferences
2026-06-07 17:03:49.149: [INFO][Sync] Loading: Passwords
2026-06-07 17:03:49.149: [INFO][Sync] Loading: Autofill Profiles
2026-06-07 17:03:49.149: [INFO][Sync] Loading: Autofill
2026-06-07 17:03:49.149: [INFO][Sync] Loading: Extensions
2026-06-07 17:03:49.149: [INFO][Sync] Loading: Sessions
2026-06-07 17:03:49.149: [INFO][Sync] Loading: Extension settings
2026-06-07 17:03:49.149: [INFO][Sync] Loading: History Delete Directives
2026-06-07 17:03:49.149: [INFO][Sync] Loading: Device Info
2026-06-07 17:03:49.149: [INFO][Sync] Loading: User Consents
2026-06-07 17:03:49.149: [INFO][Sync] Loading: Send Tab To Self
2026-06-07 17:03:49.149: [INFO][Sync] Loading: Web Apps
2026-06-07 17:03:49.149: [INFO][Sync] Loading: History
2026-06-07 17:03:49.149: [INFO][Sync] Loading: Saved Tab Group
2026-06-07 17:03:49.149: [INFO][Sync] Loading: WebAuthn Credentials
2026-06-07 17:03:49.149: [INFO][Sync] Loading: Edge E Drop
2026-06-07 17:03:49.149: [INFO][Sync] Loading: Edge Hub App Usage
2026-06-07 17:03:49.149: [INFO][Sync] Loading: Edge Wallet
2026-06-07 17:03:49.149: [INFO][Sync] Loading: Edge Workspace
2026-06-07 17:03:49.157: [INFO][Sync] All data types are ready for configure.
2026-06-07 17:03:49.157: [INFO][SyncManagerImpl::ConfigureSyncer] Types to download:  with reason: 4
2026-06-07 17:03:49.157: [INFO][SyncEngineBackend::DoFinishConfigureDataTypes] Failed to download types:  and succeeded types: 
2026-06-07 17:03:49.158: [INFO][Sync] ConfigurationDone, failed: , succeeded: , remaining count: 4
2026-06-07 17:03:49.158: [INFO][SyncManagerImpl::ConfigureSyncer] Types to download:  with reason: 4
2026-06-07 17:03:49.158: [INFO][SyncEngineBackend::DoFinishConfigureDataTypes] Failed to download types:  and succeeded types: 
2026-06-07 17:03:49.158: [INFO][Sync] ConfigurationDone, failed: , succeeded: , remaining count: 3
2026-06-07 17:03:49.158: [INFO][SyncManagerImpl::ConfigureSyncer] Types to download:  with reason: 4
2026-06-07 17:03:49.158: [INFO][SyncEngineBackend::DoFinishConfigureDataTypes] Failed to download types:  and succeeded types: 
2026-06-07 17:03:49.158: [INFO][Sync] ConfigurationDone, failed: , succeeded: , remaining count: 2
2026-06-07 17:03:49.158: [INFO][SyncManagerImpl::ConfigureSyncer] Types to download:  with reason: 4
2026-06-07 17:03:49.158: [INFO][SyncEngineBackend::DoFinishConfigureDataTypes] Failed to download types:  and succeeded types: 
2026-06-07 17:03:49.158: [INFO][Sync] ConfigurationDone, failed: , succeeded: , remaining count: 1
2026-06-07 17:03:49.160: [INFO][SyncManagerImpl::ConfigureSyncer] Types to download:  with reason: 4
2026-06-07 17:03:49.160: [INFO][SyncEngineBackend::DoFinishConfigureDataTypes] Failed to download types:  and succeeded types: 
2026-06-07 17:03:49.160: [INFO][Sync] ConfigurationDone, failed: , succeeded: , remaining count: 0
2026-06-07 17:03:49.161: [INFO][Sync]     Configuration completed, state: 3
2026-06-07 17:03:49.162: [INFO][Sync] Configured DataTypeManager: Ok
2026-06-07 17:03:49.163: [INFO][SyncEngineBackend::DoStartSyncing] Start syncing
2026-06-07 17:03:49.728: [INFO][SyncAuthManager::SetLastAuthError] Current auth error: None
2026-06-07 17:03:49.728: [INFO][SyncAuthManager::EdgeLogTokenErrorState] Token error with: None for account type: MSA
2026-06-07 17:03:49.728: [INFO][Sync] Credentials changed for: EdgeSyncKeyDataScope
2026-06-07 17:03:49.728: [INFO][SyncEngineBackend::DoUpdateKeyDataCredentials] Update key data credentials
2026-06-07 17:03:49.728: [INFO][SyncEngineBackend::DoUpdateCredentials] Update credentials
2026-06-07 17:12:14.647: [INFO][Sync] Reset engine, reason: 0
2026-06-07 17:12:14.647: [INFO][Sync] Reset engine with reason: 0
2026-06-07 17:12:46.548: [INFO][Sync] SyncState after authenticated was: FeatureCanStart
2026-06-07 17:12:47.388: [INFO][Sync] Try to start sync engine
2026-06-07 17:12:47.393: [INFO][SyncEngineBackend::LoadAndConnectNigoriController] Load and connect Nigori controller
2026-06-07 17:12:47.393: [INFO][SyncEngineBackend::DoInitialize] Control Types added: 
2026-06-07 17:12:47.393: [INFO][SyncManagerImpl::ConfigureSyncer] Types to download:  with reason: 4
2026-06-07 17:12:47.398: [INFO][Sync] Started DataTypeManager configuration, reason: 4
2026-06-07 17:12:47.398: [INFO][Sync] Configuring for: Bookmarks, Preferences, Passwords, Autofill Profiles, Autofill, Extensions, Sessions, Extension settings, History Delete Directives, Device Info, User Consents, Send Tab To Self, Web Apps, History, Saved Tab Group, WebAuthn Credentials, Edge E Drop, Edge Hub App Usage, Edge Wallet, Edge Workspace, Encryption Keys, reason: 4, current state: 0
2026-06-07 17:12:47.398: [INFO][SyncEngineBackend::DoStartConfiguration] Start configuration
2026-06-07 17:12:47.398: [INFO][Sync] Configure, desired: Bookmarks, Preferences, Passwords, Autofill Profiles, Autofill, Extensions, Sessions, Extension settings, History Delete Directives, Device Info, User Consents, Send Tab To Self, Web Apps, History, Saved Tab Group, WebAuthn Credentials, Edge E Drop, Edge Hub App Usage, Edge Wallet, Edge Workspace, Encryption Keys; Allow fail: 
2026-06-07 17:12:47.398: [INFO][Sync] Loading: Bookmarks
2026-06-07 17:12:47.398: [INFO][Sync] Loading: Preferences
2026-06-07 17:12:47.398: [INFO][Sync] Loading: Passwords
2026-06-07 17:12:47.398: [INFO][Sync] Loading: Autofill Profiles
2026-06-07 17:12:47.398: [INFO][Sync] Loading: Autofill
2026-06-07 17:12:47.398: [INFO][Sync] Loading: Extensions
2026-06-07 17:12:47.399: [INFO][Sync] Loading: Sessions
2026-06-07 17:12:47.399: [INFO][Sync] Loading: Extension settings
2026-06-07 17:12:47.399: [INFO][Sync] Loading: History Delete Directives
2026-06-07 17:12:47.399: [INFO][Sync] Loading: Device Info
2026-06-07 17:12:47.399: [INFO][Sync] Loading: User Consents
2026-06-07 17:12:47.399: [INFO][Sync] Loading: Send Tab To Self
2026-06-07 17:12:47.399: [INFO][Sync] Loading: Web Apps
2026-06-07 17:12:47.399: [INFO][Sync] Loading: History
2026-06-07 17:12:47.399: [INFO][Sync] Loading: Saved Tab Group
2026-06-07 17:12:47.399: [INFO][Sync] Loading: WebAuthn Credentials
2026-06-07 17:12:47.399: [INFO][Sync] Loading: Edge E Drop
2026-06-07 17:12:47.399: [INFO][Sync] Loading: Edge Hub App Usage
2026-06-07 17:12:47.399: [INFO][Sync] Loading: Edge Wallet
2026-06-07 17:12:47.399: [INFO][Sync] Loading: Edge Workspace
2026-06-07 17:12:47.400: [INFO][SyncAuthManager::SetLastAuthError] Current auth error: None
2026-06-07 17:12:47.400: [INFO][SyncAuthManager::EdgeLogTokenErrorState] Token error with: None for account type: MSA
2026-06-07 17:12:47.400: [INFO][Sync] Credentials changed for: EdgeSyncScopeNew
2026-06-07 17:12:47.404: [INFO][Sync] All data types are ready for configure.
2026-06-07 17:12:47.405: [INFO][SyncManagerImpl::ConfigureSyncer] Types to download:  with reason: 4
2026-06-07 17:12:47.405: [INFO][SyncEngineBackend::DoFinishConfigureDataTypes] Failed to download types:  and succeeded types: 
2026-06-07 17:12:47.405: [INFO][Sync] ConfigurationDone, failed: , succeeded: , remaining count: 4
2026-06-07 17:12:47.405: [INFO][SyncManagerImpl::ConfigureSyncer] Types to download:  with reason: 4
2026-06-07 17:12:47.405: [INFO][SyncEngineBackend::DoFinishConfigureDataTypes] Failed to download types:  and succeeded types: 
2026-06-07 17:12:47.405: [INFO][Sync] ConfigurationDone, failed: , succeeded: , remaining count: 3
2026-06-07 17:12:47.405: [INFO][SyncManagerImpl::ConfigureSyncer] Types to download:  with reason: 4
2026-06-07 17:12:47.405: [INFO][SyncEngineBackend::DoFinishConfigureDataTypes] Failed to download types:  and succeeded types: 
2026-06-07 17:12:47.405: [INFO][Sync] ConfigurationDone, failed: , succeeded: , remaining count: 2
2026-06-07 17:12:47.405: [INFO][SyncManagerImpl::ConfigureSyncer] Types to download:  with reason: 4
2026-06-07 17:12:47.405: [INFO][SyncEngineBackend::DoFinishConfigureDataTypes] Failed to download types:  and succeeded types: 
2026-06-07 17:12:47.405: [INFO][Sync] ConfigurationDone, failed: , succeeded: , remaining count: 1
2026-06-07 17:12:47.406: [INFO][SyncManagerImpl::ConfigureSyncer] Types to download:  with reason: 4
2026-06-07 17:12:47.406: [INFO][SyncEngineBackend::DoFinishConfigureDataTypes] Failed to download types:  and succeeded types: 
2026-06-07 17:12:47.407: [INFO][Sync] ConfigurationDone, failed: , succeeded: , remaining count: 0
2026-06-07 17:12:47.408: [INFO][Sync]     Configuration completed, state: 3
2026-06-07 17:12:47.409: [INFO][Sync] Configured DataTypeManager: Ok
2026-06-07 17:12:47.411: [INFO][SyncEngineBackend::DoStartSyncing] Start syncing
2026-06-07 17:12:48.384: [INFO][SyncAuthManager::SetLastAuthError] Current auth error: None
2026-06-07 17:12:48.384: [INFO][SyncAuthManager::EdgeLogTokenErrorState] Token error with: None for account type: MSA
2026-06-07 17:12:48.384: [INFO][Sync] Credentials changed for: EdgeSyncKeyDataScope
2026-06-07 17:12:48.384: [INFO][SyncEngineBackend::DoUpdateKeyDataCredentials] Update key data credentials
2026-06-07 17:12:48.384: [INFO][SyncEngineBackend::DoUpdateCredentials] Update credentials
2026-06-07 17:20:00.909: [INFO][Sync] SyncState after authenticated was: FeatureCanStart
2026-06-07 17:20:01.461: [INFO][Sync] Try to start sync engine
2026-06-07 17:20:01.468: [INFO][SyncAuthManager::SetLastAuthError] Current auth error: None
2026-06-07 17:20:01.468: [INFO][SyncAuthManager::EdgeLogTokenErrorState] Token error with: None for account type: MSA
2026-06-07 17:20:01.468: [INFO][Sync] Credentials changed for: EdgeSyncScopeNew
2026-06-07 17:20:01.469: [INFO][SyncEngineBackend::LoadAndConnectNigoriController] Load and connect Nigori controller
2026-06-07 17:20:01.469: [INFO][SyncEngineBackend::DoInitialize] Control Types added: 
2026-06-07 17:20:01.469: [INFO][SyncManagerImpl::ConfigureSyncer] Types to download:  with reason: 4
2026-06-07 17:20:01.478: [INFO][Sync] Started DataTypeManager configuration, reason: 4
2026-06-07 17:20:01.478: [INFO][Sync] Configuring for: Bookmarks, Preferences, Passwords, Autofill Profiles, Autofill, Extensions, Sessions, Extension settings, History Delete Directives, Device Info, User Consents, Send Tab To Self, Web Apps, History, Saved Tab Group, WebAuthn Credentials, Edge E Drop, Edge Hub App Usage, Edge Wallet, Edge Workspace, Encryption Keys, reason: 4, current state: 0
2026-06-07 17:20:01.479: [INFO][SyncEngineBackend::DoStartConfiguration] Start configuration
2026-06-07 17:20:01.481: [INFO][Sync] Configure, desired: Bookmarks, Preferences, Passwords, Autofill Profiles, Autofill, Extensions, Sessions, Extension settings, History Delete Directives, Device Info, User Consents, Send Tab To Self, Web Apps, History, Saved Tab Group, WebAuthn Credentials, Edge E Drop, Edge Hub App Usage, Edge Wallet, Edge Workspace, Encryption Keys; Allow fail: 
2026-06-07 17:20:01.481: [INFO][Sync] Loading: Bookmarks
2026-06-07 17:20:01.481: [INFO][Sync] Loading: Preferences
2026-06-07 17:20:01.481: [INFO][Sync] Loading: Passwords
2026-06-07 17:20:01.481: [INFO][Sync] Loading: Autofill Profiles
2026-06-07 17:20:01.481: [INFO][Sync] Loading: Autofill
2026-06-07 17:20:01.481: [INFO][Sync] Loading: Extensions
2026-06-07 17:20:01.481: [INFO][Sync] Loading: Sessions
2026-06-07 17:20:01.481: [INFO][Sync] Loading: Extension settings
2026-06-07 17:20:01.481: [INFO][Sync] Loading: History Delete Directives
2026-06-07 17:20:01.481: [INFO][Sync] Loading: Device Info
2026-06-07 17:20:01.481: [INFO][Sync] Loading: User Consents
2026-06-07 17:20:01.481: [INFO][Sync] Loading: Send Tab To Self
2026-06-07 17:20:01.481: [INFO][Sync] Loading: Web Apps
2026-06-07 17:20:01.481: [INFO][Sync] Loading: History
2026-06-07 17:20:01.481: [INFO][Sync] Loading: Saved Tab Group
2026-06-07 17:20:01.481: [INFO][Sync] Loading: WebAuthn Credentials
2026-06-07 17:20:01.481: [INFO][Sync] Loading: Edge E Drop
2026-06-07 17:20:01.481: [INFO][Sync] Loading: Edge Hub App Usage
2026-06-07 17:20:01.481: [INFO][Sync] Loading: Edge Wallet
2026-06-07 17:20:01.481: [INFO][Sync] Loading: Edge Workspace
2026-06-07 17:20:01.493: [INFO][Sync] All data types are ready for configure.
2026-06-07 17:20:01.494: [INFO][SyncManagerImpl::ConfigureSyncer] Types to download:  with reason: 4
2026-06-07 17:20:01.494: [INFO][SyncEngineBackend::DoFinishConfigureDataTypes] Failed to download types:  and succeeded types: 
2026-06-07 17:20:01.494: [INFO][Sync] ConfigurationDone, failed: , succeeded: , remaining count: 4
2026-06-07 17:20:01.494: [INFO][SyncManagerImpl::ConfigureSyncer] Types to download:  with reason: 4
2026-06-07 17:20:01.495: [INFO][SyncEngineBackend::DoFinishConfigureDataTypes] Failed to download types:  and succeeded types: 
2026-06-07 17:20:01.495: [INFO][Sync] ConfigurationDone, failed: , succeeded: , remaining count: 3
2026-06-07 17:20:01.495: [INFO][SyncManagerImpl::ConfigureSyncer] Types to download:  with reason: 4
2026-06-07 17:20:01.495: [INFO][SyncEngineBackend::DoFinishConfigureDataTypes] Failed to download types:  and succeeded types: 
2026-06-07 17:20:01.495: [INFO][Sync] ConfigurationDone, failed: , succeeded: , remaining count: 2
2026-06-07 17:20:01.495: [INFO][SyncManagerImpl::ConfigureSyncer] Types to download:  with reason: 4
2026-06-07 17:20:01.495: [INFO][SyncEngineBackend::DoFinishConfigureDataTypes] Failed to download types:  and succeeded types: 
2026-06-07 17:20:01.495: [INFO][Sync] ConfigurationDone, failed: , succeeded: , remaining count: 1
2026-06-07 17:20:01.499: [INFO][SyncManagerImpl::ConfigureSyncer] Types to download:  with reason: 4
2026-06-07 17:20:01.499: [INFO][SyncEngineBackend::DoFinishConfigureDataTypes] Failed to download types:  and succeeded types: 
2026-06-07 17:20:01.501: [INFO][Sync] ConfigurationDone, failed: , succeeded: , remaining count: 0
2026-06-07 17:20:01.504: [INFO][Sync]     Configuration completed, state: 3
2026-06-07 17:20:01.505: [INFO][Sync] Configured DataTypeManager: Ok
2026-06-07 17:20:01.508: [INFO][SyncEngineBackend::DoStartSyncing] Start syncing
2026-06-07 17:20:02.239: [INFO][SyncAuthManager::SetLastAuthError] Current auth error: None
2026-06-07 17:20:02.239: [INFO][SyncAuthManager::EdgeLogTokenErrorState] Token error with: None for account type: MSA
2026-06-07 17:20:02.239: [INFO][Sync] Credentials changed for: EdgeSyncKeyDataScope
2026-06-07 17:20:02.239: [INFO][SyncEngineBackend::DoUpdateKeyDataCredentials] Update key data credentials
2026-06-07 17:20:02.239: [INFO][SyncEngineBackend::DoUpdateCredentials] Update credentials
2026-06-07 17:40:54.621: [INFO][Sync] SyncState after authenticated was: FeatureCanStart
2026-06-07 17:40:55.113: [INFO][Sync] Try to start sync engine
2026-06-07 17:40:55.120: [INFO][SyncAuthManager::SetLastAuthError] Current auth error: None
2026-06-07 17:40:55.120: [INFO][SyncAuthManager::EdgeLogTokenErrorState] Token error with: None for account type: MSA
2026-06-07 17:40:55.120: [INFO][Sync] Credentials changed for: EdgeSyncScopeNew
2026-06-07 17:40:55.120: [INFO][SyncEngineBackend::LoadAndConnectNigoriController] Load and connect Nigori controller
2026-06-07 17:40:55.120: [INFO][SyncEngineBackend::DoInitialize] Control Types added: 
2026-06-07 17:40:55.120: [INFO][SyncManagerImpl::ConfigureSyncer] Types to download:  with reason: 4
2026-06-07 17:40:55.124: [INFO][Sync] Started DataTypeManager configuration, reason: 4
2026-06-07 17:40:55.124: [INFO][Sync] Configuring for: Bookmarks, Preferences, Passwords, Autofill Profiles, Autofill, Extensions, Sessions, Extension settings, History Delete Directives, Device Info, User Consents, Send Tab To Self, Web Apps, History, Saved Tab Group, WebAuthn Credentials, Edge E Drop, Edge Hub App Usage, Edge Wallet, Edge Workspace, Encryption Keys, reason: 4, current state: 0
2026-06-07 17:40:55.124: [INFO][SyncEngineBackend::DoStartConfiguration] Start configuration
2026-06-07 17:40:55.126: [INFO][Sync] Configure, desired: Bookmarks, Preferences, Passwords, Autofill Profiles, Autofill, Extensions, Sessions, Extension settings, History Delete Directives, Device Info, User Consents, Send Tab To Self, Web Apps, History, Saved Tab Group, WebAuthn Credentials, Edge E Drop, Edge Hub App Usage, Edge Wallet, Edge Workspace, Encryption Keys; Allow fail: 
2026-06-07 17:40:55.126: [INFO][Sync] Loading: Bookmarks
2026-06-07 17:40:55.126: [INFO][Sync] Loading: Preferences
2026-06-07 17:40:55.126: [INFO][Sync] Loading: Passwords
2026-06-07 17:40:55.126: [INFO][Sync] Loading: Autofill Profiles
2026-06-07 17:40:55.126: [INFO][Sync] Loading: Autofill
2026-06-07 17:40:55.126: [INFO][Sync] Loading: Extensions
2026-06-07 17:40:55.126: [INFO][Sync] Loading: Sessions
2026-06-07 17:40:55.126: [INFO][Sync] Loading: Extension settings
2026-06-07 17:40:55.126: [INFO][Sync] Loading: History Delete Directives
2026-06-07 17:40:55.126: [INFO][Sync] Loading: Device Info
2026-06-07 17:40:55.126: [INFO][Sync] Loading: User Consents
2026-06-07 17:40:55.126: [INFO][Sync] Loading: Send Tab To Self
2026-06-07 17:40:55.126: [INFO][Sync] Loading: Web Apps
2026-06-07 17:40:55.126: [INFO][Sync] Loading: History
2026-06-07 17:40:55.126: [INFO][Sync] Loading: Saved Tab Group
2026-06-07 17:40:55.126: [INFO][Sync] Loading: WebAuthn Credentials
2026-06-07 17:40:55.126: [INFO][Sync] Loading: Edge E Drop
2026-06-07 17:40:55.126: [INFO][Sync] Loading: Edge Hub App Usage
2026-06-07 17:40:55.126: [INFO][Sync] Loading: Edge Wallet
2026-06-07 17:40:55.126: [INFO][Sync] Loading: Edge Workspace
2026-06-07 17:40:55.135: [INFO][Sync] All data types are ready for configure.
2026-06-07 17:40:55.135: [INFO][SyncManagerImpl::ConfigureSyncer] Types to download:  with reason: 4
2026-06-07 17:40:55.135: [INFO][SyncEngineBackend::DoFinishConfigureDataTypes] Failed to download types:  and succeeded types: 
2026-06-07 17:40:55.136: [INFO][Sync] ConfigurationDone, failed: , succeeded: , remaining count: 4
2026-06-07 17:40:55.136: [INFO][SyncManagerImpl::ConfigureSyncer] Types to download:  with reason: 4
2026-06-07 17:40:55.136: [INFO][SyncEngineBackend::DoFinishConfigureDataTypes] Failed to download types:  and succeeded types: 
2026-06-07 17:40:55.139: [INFO][Sync] ConfigurationDone, failed: , succeeded: , remaining count: 3
2026-06-07 17:40:55.139: [INFO][SyncManagerImpl::ConfigureSyncer] Types to download:  with reason: 4
2026-06-07 17:40:55.139: [INFO][SyncEngineBackend::DoFinishConfigureDataTypes] Failed to download types:  and succeeded types: 
2026-06-07 17:40:55.139: [INFO][Sync] ConfigurationDone, failed: , succeeded: , remaining count: 2
2026-06-07 17:40:55.139: [INFO][SyncManagerImpl::ConfigureSyncer] Types to download:  with reason: 4
2026-06-07 17:40:55.139: [INFO][SyncEngineBackend::DoFinishConfigureDataTypes] Failed to download types:  and succeeded types: 
2026-06-07 17:40:55.139: [INFO][Sync] ConfigurationDone, failed: , succeeded: , remaining count: 1
2026-06-07 17:40:55.141: [INFO][SyncManagerImpl::ConfigureSyncer] Types to download:  with reason: 4
2026-06-07 17:40:55.141: [INFO][SyncEngineBackend::DoFinishConfigureDataTypes] Failed to download types:  and succeeded types: 
2026-06-07 17:40:55.141: [INFO][Sync] ConfigurationDone, failed: , succeeded: , remaining count: 0
2026-06-07 17:40:55.142: [INFO][Sync]     Configuration completed, state: 3
2026-06-07 17:40:55.142: [INFO][Sync] Configured DataTypeManager: Ok
2026-06-07 17:40:55.144: [INFO][SyncEngineBackend::DoStartSyncing] Start syncing
2026-06-07 17:40:55.871: [INFO][SyncAuthManager::SetLastAuthError] Current auth error: None
2026-06-07 17:40:55.871: [INFO][SyncAuthManager::EdgeLogTokenErrorState] Token error with: None for account type: MSA
2026-06-07 17:40:55.871: [INFO][Sync] Credentials changed for: EdgeSyncKeyDataScope
2026-06-07 17:40:55.871: [INFO][SyncEngineBackend::DoUpdateKeyDataCredentials] Update key data credentials
2026-06-07 17:40:55.871: [INFO][SyncEngineBackend::DoUpdateCredentials] Update credentials
2026-06-07 17:41:31.708: [INFO][Sync] Reset engine, reason: 0
2026-06-07 17:41:31.708: [INFO][Sync] Reset engine with reason: 0
