{"logTime": "0607/180825", "correlationVector":"ZS7KefLucaQ1bOODUK2/xH.1","action":"SyncServerConnectionManagerRequest", "result":"SYNC_SERVER_OK", "context":{"environment":"Prod_eastus2_prod-s01-050-nam-eastus2", "migrationStage":"NotStarted", "server":"akswtt11400000j"}}
{"logTime": "0607/180825", "correlationVector":"ZS7KefLucaQ1bOODUK2/xH.2","action":"ProcessGetUpdates", "result":"Done", "context":{"dataType":"Encryption Keys", "deleted":"0", "process_failed_to_decrypt":"0", "process_pending_decryption":"0", "process_success":"1", "total":"1"}}
{"logTime": "0607/180826", "correlationVector":"eDot0dTs3MHiQ/34FjHMX1","action":"SyncServerConnectionManagerRequest", "result":"SYNC_SERVER_ERROR", "context":{"environment":"", "error_type":"http_status_code", "error_value":"400", "migrationStage":"", "server":""}}
{"logTime": "0607/180826", "correlationVector":"ZS7KefLucaQ1bOODUK2/xH","action":"Initial GetUpdates", "result":"", "context":Reason: NEW_CLIENT. cV=ZS7KefLucaQ1bOODUK2/xH}
{"logTime": "0607/180826", "correlationVector":"ZS7KefLucaQ1bOODUK2/xH.3","action":"GetUpdates Response", "result":"Success", "context":Received 1 update(s). cV=ZS7KefLucaQ1bOODUK2/xH.0;server=akswtt11400000j;cloudType=Consumer;environment=Prod_eastus2_prod-s01-050-nam-eastus2;migrationStage=NotStarted}
{"logTime": "0607/180826", "correlationVector":"BbcZc3KseDMwtzaJIebbDu","action":"Initial GetUpdates", "result":"", "context":Reason: NEW_CLIENT. cV=BbcZc3KseDMwtzaJIebbDu}
{"logTime": "0607/180826", "correlationVector":"BbcZc3KseDMwtzaJIebbDu.1","action":"SyncServerConnectionManagerRequest", "result":"SYNC_SERVER_OK", "context":{"environment":"Prod_eastus2_prod-s01-050-nam-eastus2", "migrationStage":"NotStarted", "server":"akswtt11400000d"}}
{"logTime": "0607/180826", "correlationVector":"BbcZc3KseDMwtzaJIebbDu.2","action":"ProcessGetUpdates", "result":"Done", "context":{"dataType":"Preferences", "deleted":"0", "process_failed_to_decrypt":"0", "process_pending_decryption":"0", "process_success":"136", "total":"136"}}
{"logTime": "0607/180826", "correlationVector":"BbcZc3KseDMwtzaJIebbDu.3","action":"ProcessGetUpdates", "result":"Done", "context":{"dataType":"Device Info", "deleted":"0", "process_failed_to_decrypt":"0", "process_pending_decryption":"0", "process_success":"72", "total":"72"}}
{"logTime": "0607/180826", "correlationVector":"BbcZc3KseDMwtzaJIebbDu.4","action":"GetUpdates Response", "result":"Success", "context":Received 208 update(s). cV=BbcZc3KseDMwtzaJIebbDu.0;server=akswtt11400000d;cloudType=Consumer;environment=Prod_eastus2_prod-s01-050-nam-eastus2;migrationStage=NotStarted}
{"logTime": "0607/180827", "correlationVector":"qrgk36bgxK2jygCWpZ54Ru","action":"SyncServerConnectionManagerRequest", "result":"SYNC_SERVER_ERROR", "context":{"environment":"", "error_type":"http_status_code", "error_value":"400", "migrationStage":"", "server":""}}
{"logTime": "0607/180827", "correlationVector":"FjscgFJLhxqxka5/pYu2NV","action":"Initial GetUpdates", "result":"", "context":Reason: NEW_CLIENT. cV=FjscgFJLhxqxka5/pYu2NV}
{"logTime": "0607/180828", "correlationVector":"FjscgFJLhxqxka5/pYu2NV.1","action":"SyncServerConnectionManagerRequest", "result":"SYNC_SERVER_OK", "context":{"environment":"Prod_eastus2_prod-s01-050-nam-eastus2", "migrationStage":"NotStarted", "server":"akswtt11400000a"}}
{"logTime": "0607/180828", "correlationVector":"FjscgFJLhxqxka5/pYu2NV.2","action":"ProcessGetUpdates", "result":"Done", "context":{"dataType":"Bookmarks", "deleted":"0", "process_failed_to_decrypt":"0", "process_pending_decryption":"0", "process_success":"26", "total":"26"}}
{"logTime": "0607/180828", "correlationVector":"FjscgFJLhxqxka5/pYu2NV.3","action":"GetUpdates Response", "result":"Success", "context":Received 26 update(s). cV=FjscgFJLhxqxka5/pYu2NV.0;server=akswtt11400000a;cloudType=Consumer;environment=Prod_eastus2_prod-s01-050-nam-eastus2;migrationStage=NotStarted}
{"logTime": "0607/180828", "correlationVector":"mLfeYbEXqWR6KvsqTMX+Ls","action":"SyncServerConnectionManagerRequest", "result":"SYNC_SERVER_ERROR", "context":{"environment":"", "error_type":"http_status_code", "error_value":"400", "migrationStage":"", "server":""}}
{"logTime": "0607/180828", "correlationVector":"Qanlkrb74TtUkKxr8iuUFM","action":"Initial GetUpdates", "result":"", "context":Reason: NEW_CLIENT. cV=Qanlkrb74TtUkKxr8iuUFM}
{"logTime": "0607/180828", "correlationVector":"Qanlkrb74TtUkKxr8iuUFM.1","action":"SyncServerConnectionManagerRequest", "result":"SYNC_SERVER_OK", "context":{"environment":"Prod_eastus2_prod-s01-050-nam-eastus2", "migrationStage":"NotStarted", "server":"akswtt11400002f"}}
{"logTime": "0607/180828", "correlationVector":"Qanlkrb74TtUkKxr8iuUFM.2","action":"ProcessGetUpdates", "result":"Done", "context":{"dataType":"Extensions", "deleted":"0", "process_failed_to_decrypt":"0", "process_pending_decryption":"0", "process_success":"4", "total":"4"}}
{"logTime": "0607/180828", "correlationVector":"Qanlkrb74TtUkKxr8iuUFM.3","action":"ProcessGetUpdates", "result":"Done", "context":{"dataType":"Sessions", "deleted":"0", "process_failed_to_decrypt":"0", "process_pending_decryption":"0", "process_success":"11", "total":"11"}}
{"logTime": "0607/180828", "correlationVector":"Qanlkrb74TtUkKxr8iuUFM.4","action":"ProcessGetUpdates", "result":"Done", "context":{"dataType":"Extension settings", "deleted":"0", "process_failed_to_decrypt":"0", "process_pending_decryption":"0", "process_success":"1", "total":"1"}}
{"logTime": "0607/180828", "correlationVector":"Qanlkrb74TtUkKxr8iuUFM.5","action":"ProcessGetUpdates", "result":"Done", "context":{"dataType":"Web Apps", "deleted":"0", "process_failed_to_decrypt":"0", "process_pending_decryption":"0", "process_success":"3", "total":"3"}}
{"logTime": "0607/180828", "correlationVector":"Qanlkrb74TtUkKxr8iuUFM.6","action":"ProcessGetUpdates", "result":"Done", "context":{"dataType":"Edge Hub App Usage", "deleted":"0", "process_failed_to_decrypt":"0", "process_pending_decryption":"0", "process_success":"5", "total":"5"}}
{"logTime": "0607/180828", "correlationVector":"Qanlkrb74TtUkKxr8iuUFM.7","action":"GetUpdates Response", "result":"Success", "context":Received 24 update(s). cV=Qanlkrb74TtUkKxr8iuUFM.0;server=akswtt11400002f;cloudType=Consumer;environment=Prod_eastus2_prod-s01-050-nam-eastus2;migrationStage=NotStarted}
{"logTime": "0607/180828", "correlationVector":"kCcACWLHn4mZ8w0NqXvTER","action":"Initial GetUpdates", "result":"", "context":Reason: NEW_CLIENT. cV=kCcACWLHn4mZ8w0NqXvTER}
{"logTime": "0607/180829", "correlationVector":"kCcACWLHn4mZ8w0NqXvTER.1","action":"SyncServerConnectionManagerRequest", "result":"SYNC_SERVER_OK", "context":{"environment":"Prod_eastus2_prod-s01-050-nam-eastus2", "migrationStage":"NotStarted", "server":"akswtt11400002a"}}
{"logTime": "0607/180829", "correlationVector":"kCcACWLHn4mZ8w0NqXvTER.2","action":"ProcessGetUpdates", "result":"Done", "context":{"dataType":"History", "deleted":"0", "process_failed_to_decrypt":"0", "process_pending_decryption":"0", "process_success":"250", "total":"250"}}
{"logTime": "0607/180829", "correlationVector":"kCcACWLHn4mZ8w0NqXvTER.3","action":"GetUpdates Response", "result":"Success", "context":Received 250 update(s). cV=kCcACWLHn4mZ8w0NqXvTER.0;server=akswtt11400002a;cloudType=Consumer;environment=Prod_eastus2_prod-s01-050-nam-eastus2;migrationStage=NotStarted Some updates remain.}
{"logTime": "0607/180829", "correlationVector":"MnIxbWNz/RcScroTE0BV09","action":"Initial GetUpdates", "result":"", "context":Reason: NEW_CLIENT. cV=MnIxbWNz/RcScroTE0BV09}
{"logTime": "0607/180829", "correlationVector":"MnIxbWNz/RcScroTE0BV09.1","action":"SyncServerConnectionManagerRequest", "result":"SYNC_SERVER_OK", "context":{"environment":"Prod_eastus2_prod-s01-050-nam-eastus2", "migrationStage":"NotStarted", "server":"akswtt114000013"}}
{"logTime": "0607/180829", "correlationVector":"MnIxbWNz/RcScroTE0BV09.2","action":"ProcessGetUpdates", "result":"Done", "context":{"dataType":"History", "deleted":"0", "process_failed_to_decrypt":"0", "process_pending_decryption":"0", "process_success":"250", "total":"250"}}
{"logTime": "0607/180829", "correlationVector":"MnIxbWNz/RcScroTE0BV09.3","action":"GetUpdates Response", "result":"Success", "context":Received 250 update(s). cV=MnIxbWNz/RcScroTE0BV09.0;server=akswtt114000013;cloudType=Consumer;environment=Prod_eastus2_prod-s01-050-nam-eastus2;migrationStage=NotStarted Some updates remain.}
{"logTime": "0607/180829", "correlationVector":"WcXUkleX2mcM2ykHj31OVP","action":"Initial GetUpdates", "result":"", "context":Reason: NEW_CLIENT. cV=WcXUkleX2mcM2ykHj31OVP}
{"logTime": "0607/180829", "correlationVector":"WcXUkleX2mcM2ykHj31OVP.1","action":"SyncServerConnectionManagerRequest", "result":"SYNC_SERVER_OK", "context":{"environment":"Prod_eastus2_prod-s01-050-nam-eastus2", "migrationStage":"NotStarted", "server":"akswtt11400000r"}}
{"logTime": "0607/180829", "correlationVector":"WcXUkleX2mcM2ykHj31OVP.2","action":"ProcessGetUpdates", "result":"Done", "context":{"dataType":"History", "deleted":"0", "process_failed_to_decrypt":"0", "process_pending_decryption":"0", "process_success":"91", "total":"91"}}
{"logTime": "0607/180829", "correlationVector":"WcXUkleX2mcM2ykHj31OVP.3","action":"GetUpdates Response", "result":"Success", "context":Received 91 update(s). cV=WcXUkleX2mcM2ykHj31OVP.0;server=akswtt11400000r;cloudType=Consumer;environment=Prod_eastus2_prod-s01-050-nam-eastus2;migrationStage=NotStarted}
{"logTime": "0607/180829", "correlationVector":"4gKCrvoqPGDo22XNm7cWBn","action":"Normal GetUpdate request", "result":"", "context":cV=4gKCrvoqPGDo22XNm7cWBn
Nudged types: Sessions, Device Info, User Consents
Refresh requested types: Bookmarks, Preferences, Extensions, Sessions, Extension settings, History Delete Directives, Device Info, User Consents, Send Tab To Self, Web Apps, History, Saved Tab Group, WebAuthn Credentials, Edge E Drop, Edge Hub App Usage, Edge Wallet, Edge Workspace, Encryption Keys}
{"logTime": "0607/180830", "correlationVector":"4gKCrvoqPGDo22XNm7cWBn.1","action":"SyncServerConnectionManagerRequest", "result":"SYNC_SERVER_OK", "context":{"environment":"Prod_eastus2_prod-s01-050-nam-eastus2", "migrationStage":"NotStarted", "server":"akswtt11400002a"}}
{"logTime": "0607/180830", "correlationVector":"4gKCrvoqPGDo22XNm7cWBn.2","action":"GetUpdates Response", "result":"Success", "context":Received 0 update(s). cV=4gKCrvoqPGDo22XNm7cWBn.0;server=akswtt11400002a;cloudType=Consumer;environment=Prod_eastus2_prod-s01-050-nam-eastus2;migrationStage=NotStarted}
{"logTime": "0607/180830", "correlationVector":"jjFg2Q4LBpb6o+OlrOGjDb","action":"DoCompareDataConsistency requsted types: ", "result":"Bookmarks, Preferences, Extensions, Extension settings, History Delete Directives, Send Tab To Self, Web Apps, History, Saved Tab Group, WebAuthn Credentials, Edge E Drop, Edge Wallet, Edge Workspace, Encryption Keys"}
{"logTime": "0607/180830", "correlationVector":"jjFg2Q4LBpb6o+OlrOGjDb.0","action":"CompareDataConsistency result: ", "result":"Compare result: Encryption Keys is consistent. local entities count is: 1 local entities hash is: OVX/+HVXxc4LHXrv3m/coWkqdrw="}
{"logTime": "0607/180830", "correlationVector":"jjFg2Q4LBpb6o+OlrOGjDb.1","action":"CompareDataConsistency result: ", "result":"Compare result: Bookmarks is consistent. local entities count is: 20 local entities hash is: a6BVrzBKsKFEmL3rkADMJsmW7AA="}
{"logTime": "0607/180830", "correlationVector":"jjFg2Q4LBpb6o+OlrOGjDb.2","action":"CompareDataConsistency result: ", "result":"Compare result: Preferences is consistent. local entities count is: 136 local entities hash is: TBshQA1I5kfvYL4ypculhlQVPNg="}
{"logTime": "0607/180830", "correlationVector":"jjFg2Q4LBpb6o+OlrOGjDb.3","action":"CompareDataConsistency result: ", "result":"Compare result: Extensions is consistent. local entities count is: 4 local entities hash is: SmeDFqmPJ/dx41FdeKCv9B2NC3w="}
{"logTime": "0607/180830", "correlationVector":"jjFg2Q4LBpb6o+OlrOGjDb.4","action":"CompareDataConsistency result: ", "result":"Compare result: Extension settings is consistent. local entities count is: 1 local entities hash is: U+3G/BsYV4AIIy+5+94k2v+rNwY="}
{"logTime": "0607/180830", "correlationVector":"jjFg2Q4LBpb6o+OlrOGjDb.5","action":"CompareDataConsistency result: ", "result":"Compare result: History Delete Directives is consistent. local entities count is: 0 local entities hash is: "}
{"logTime": "0607/180830", "correlationVector":"jjFg2Q4LBpb6o+OlrOGjDb.6","action":"CompareDataConsistency result: ", "result":"Server did not send this Send Tab To Self local entities count is: 0 local entities hash is: "}
{"logTime": "0607/180830", "correlationVector":"jjFg2Q4LBpb6o+OlrOGjDb.7","action":"CompareDataConsistency result: ", "result":"Compare result: Web Apps is consistent. local entities count is: 3 local entities hash is: db6qhzvBZOXBAxLzN3WTfQcAytQ="}
{"logTime": "0607/180830", "correlationVector":"jjFg2Q4LBpb6o+OlrOGjDb.8","action":"CompareDataConsistency result: ", "result":"Server did not send this History local entities count is: 0 local entities hash is: "}
{"logTime": "0607/180830", "correlationVector":"jjFg2Q4LBpb6o+OlrOGjDb.9","action":"CompareDataConsistency result: ", "result":"Compare result: Saved Tab Group is consistent. local entities count is: 0 local entities hash is: "}
{"logTime": "0607/180830", "correlationVector":"jjFg2Q4LBpb6o+OlrOGjDb.10","action":"CompareDataConsistency result: ", "result":"Server did not send this WebAuthn Credentials local entities count is: 0 local entities hash is: "}
{"logTime": "0607/180830", "correlationVector":"jjFg2Q4LBpb6o+OlrOGjDb.11","action":"CompareDataConsistency result: ", "result":"Compare result: Edge E Drop is consistent. local entities count is: 0 local entities hash is: "}
{"logTime": "0607/180830", "correlationVector":"jjFg2Q4LBpb6o+OlrOGjDb.12","action":"CompareDataConsistency result: ", "result":"Compare result: Edge Wallet is consistent. local entities count is: 0 local entities hash is: "}
{"logTime": "0607/180830", "correlationVector":"jjFg2Q4LBpb6o+OlrOGjDb.13","action":"CompareDataConsistency result: ", "result":"Server did not send this Edge Workspace local entities count is: 0 local entities hash is: "}
{"logTime": "0607/180830", "correlationVector":"ExZEUOVZAuGo5r7TKWKyWx","action":"Commit Request", "result":"", "context":Item count: 4
Contributing types: Sessions, Device Info, User Consents}
{"logTime": "0607/180830", "correlationVector":"ExZEUOVZAuGo5r7TKWKyWx.1","action":"SyncServerConnectionManagerRequest", "result":"SYNC_SERVER_OK", "context":{"environment":"Prod_eastus2_prod-s01-050-nam-eastus2", "migrationStage":"NotStarted", "server":"akswtt11400000k"}}
{"logTime": "0607/180830", "correlationVector":"ExZEUOVZAuGo5r7TKWKyWx.2","action":"Commit Response", "result":"Success", "context":Result: Success. cV=ExZEUOVZAuGo5r7TKWKyWx.0;server=akswtt11400000k;cloudType=Consumer;environment=Prod_eastus2_prod-s01-050-nam-eastus2;migrationStage=NotStarted}
{"logTime": "0607/180831", "correlationVector":"tvdhtLZAowcAZOcQgJduLM","action":"SyncServerConnectionManagerRequest", "result":"SYNC_SERVER_ERROR", "context":{"environment":"", "error_type":"http_status_code", "error_value":"400", "migrationStage":"", "server":""}}
{"logTime": "0607/180831", "correlationVector":"","action":"DIAGNOSTIC_REQUEST|v1/diagnosticData/Diagnostic.SendCheckResult()|SUCCESS", "result":""}
{"logTime": "0607/180831", "correlationVector":"O3MH7UoM1BMDrPTQYv8uTb","action":"Normal GetUpdate request", "result":"", "context":cV=O3MH7UoM1BMDrPTQYv8uTb
Nudged types: Preferences, Sessions, Device Info
Refresh requested types: Encryption Keys}
